This is pdfTeX, Version 3.141592653-2.6-1.40.26 (TeX Live 2024) (preloaded format=pdflatex 2025.1.20)  14 AUG 2025 14:03
entering extended mode
 \write18 enabled.
 %&-line parsing enabled.
**Logic_html
(./Logic_html.tex
LaTeX2e <2024-11-01> patch level 1
L3 programming layer <2024-12-25>
(./Logic.tex (c:/texlive/2024/texmf-dist/tex/latex/base/article.cls
Document Class: article 2024/06/29 v1.4n Standard LaTeX document class
(c:/texlive/2024/texmf-dist/tex/latex/base/size11.clo
File: size11.clo 2024/06/29 v1.4n Standard LaTeX file (size option)
)
\c@part=\count196
\c@section=\count197
\c@subsection=\count198
\c@subsubsection=\count199
\c@paragraph=\count266
\c@subparagraph=\count267
\c@figure=\count268
\c@table=\count269
\abovecaptionskip=\skip49
\belowcaptionskip=\skip50
\bibindent=\dimen141
)
(c:/texlive/2024/texmf-dist/tex/generic/iftex/iftex.sty
Package: iftex 2024/12/12 v1.0g TeX engine tests
)
(c:/texlive/2024/texmf-dist/tex/latex/base/fontenc.sty
Package: fontenc 2021/04/29 v2.0v Standard LaTeX package
)
(c:/texlive/2024/texmf-dist/tex/latex/base/inputenc.sty
Package: inputenc 2024/02/08 v1.3d Input encoding file
\inpenc@prehook=\toks17
\inpenc@posthook=\toks18
)
(c:/texlive/2024/texmf-dist/tex/latex/lwarp/lwarp.sty
Package: lwarp 2025/01/12 v0.917 Allows LaTeX to directly produce HTML5 output.


(c:/texlive/2024/texmf-dist/tex/generic/iftex/ifpdf.sty
Package: ifpdf 2019/10/25 v3.4 ifpdf legacy package. Use iftex instead.
)
(c:/texlive/2024/texmf-dist/tex/generic/ifptex/ifptex.sty
Package: ifptex 2023/04/08 v2.2c pTeX checker
)
(c:/texlive/2024/texmf-dist/tex/latex/etoolbox/etoolbox.sty
Package: etoolbox 2020/10/05 v2.5k e-TeX tools for LaTeX (JAW)
\etb@tempcnta=\count270
)
(c:/texlive/2024/texmf-dist/tex/latex/verifycommand/verifycommand.sty
Package: verifycommand 2024/09/03 v1.10 Verify definitions have not changed.
)
(c:/texlive/2024/texmf-dist/tex/latex/xpatch/xpatch.sty
(c:/texlive/2024/texmf-dist/tex/latex/l3kernel/expl3.sty
Package: expl3 2024-12-25 L3 programming layer (loader) 

(c:/texlive/2024/texmf-dist/tex/latex/l3backend/l3backend-pdftex.def
File: l3backend-pdftex.def 2024-05-08 L3 backend support: PDF output (pdfTeX)
\l__color_backend_stack_int=\count271
\l__pdf_internal_box=\box52
))
Package: xpatch 2020/03/25 v0.3a Extending etoolbox patching commands

(c:/texlive/2024/texmf-dist/tex/latex/l3packages/xparse/xparse.sty
Package: xparse 2024-08-16 L3 Experimental document command parser
))
(c:/texlive/2024/texmf-dist/tex/latex/ifplatform/ifplatform.sty
Package: ifplatform 2017/10/13 v0.4a Testing for the operating system

(c:/texlive/2024/texmf-dist/tex/latex/tools/shellesc.sty
Package: shellesc 2023/07/08 v1.0d unified shell escape interface for LaTeX
Package shellesc Info: Unrestricted shell escape enabled on input line 75.
)
(c:/texlive/2024/texmf-dist/tex/generic/pdftexcmds/pdftexcmds.sty
Package: pdftexcmds 2020-06-27 v0.33 Utility functions of pdfTeX for LuaTeX (HO
)

(c:/texlive/2024/texmf-dist/tex/generic/infwarerr/infwarerr.sty
Package: infwarerr 2019/12/03 v1.5 Providing info/warning/error messages (HO)
)
(c:/texlive/2024/texmf-dist/tex/generic/ltxcmds/ltxcmds.sty
Package: ltxcmds 2023-12-04 v1.26 LaTeX kernel commands for general use (HO)
)
Package pdftexcmds Info: \pdf@primitive is available.
Package pdftexcmds Info: \pdf@ifprimitive is available.
Package pdftexcmds Info: \pdfdraftmode found.
)
(c:/texlive/2024/texmf-dist/tex/generic/catchfile/catchfile.sty
Package: catchfile 2019/12/09 v1.8 Catch the contents of a file (HO)

(c:/texlive/2024/texmf-dist/tex/generic/etexcmds/etexcmds.sty
Package: etexcmds 2019/12/15 v1.7 Avoid name clashes with e-TeX commands (HO)
))
(c:/texlive/2024/texmf-dist/tex/generic/iftex/ifluatex.sty
Package: ifluatex 2019/10/25 v1.5 ifluatex legacy package. Use iftex instead.
))
(c:/texlive/2024/texmf-dist/tex/latex/letltxmacro/letltxmacro.sty
Package: letltxmacro 2019/12/03 v1.6 Let assignment for LaTeX macros (HO)
)
(c:/texlive/2024/texmf-dist/tex/latex/base/fontenc.sty
Package: fontenc 2021/04/29 v2.0v Standard LaTeX package
)
(c:/texlive/2024/texmf-dist/tex/latex/newunicodechar/newunicodechar.sty
Package: newunicodechar 2018/04/08 v1.2 Defining Unicode characters
)

Package newunicodechar Warning: Redefining Unicode character on input line 876.



Package newunicodechar Warning: Redefining Unicode character on input line 877.



Package newunicodechar Warning: Redefining Unicode character on input line 878.



Package newunicodechar Warning: Redefining Unicode character on input line 879.



Package newunicodechar Warning: Redefining Unicode character on input line 880.



Package newunicodechar Warning: Redefining Unicode character on input line 881.



Package newunicodechar Warning: Redefining Unicode character on input line 882.


(c:/texlive/2024/texmf-dist/tex/latex/upquote/upquote.sty
Package: upquote 2012/04/19 v1.3 upright-quote and grave-accent glyphs in verba
tim

(c:/texlive/2024/texmf-dist/tex/latex/base/textcomp.sty
Package: textcomp 2024/04/24 v2.1b Standard LaTeX package
))
\LWR@templengthone=\skip51
\LWR@templengthtwo=\skip52
\LWR@templengththree=\skip53
\c@LWR@tempcountone=\count272
\c@LWR@texboxdepth=\count273

(c:/texlive/2024/texmf-dist/tex/latex/kvoptions/kvoptions.sty
Package: kvoptions 2022-06-15 v3.15 Key value format for package options (HO)

(c:/texlive/2024/texmf-dist/tex/latex/graphics/keyval.sty
Package: keyval 2022/05/29 v1.15 key=value parser (DPC)
\KV@toks@=\toks19
)
(c:/texlive/2024/texmf-dist/tex/latex/kvsetkeys/kvsetkeys.sty
Package: kvsetkeys 2022-10-05 v1.19 Key value parser (HO)
))
Package lwarp Info: Using option 'warpHTML' on input line 1207.
Package lwarp Info: Using option 'mathjax' on input line 1207.

(c:/texlive/2024/texmf-dist/tex/latex/comment/comment.sty
\CommentStream=\write3

Excluding comment 'comment') Lwarp: Including comment 'warpall'
Lwarp: Including comment 'warpHTML' Lwarp: Excluding comment 'warpprint'
Excluding 'warpprint' comment. Including 'warpHTML' comment.
\openout3 = `comment_html.cut'.


Straight input of comment_html.cut. (./comment_html.cut
Lwarp: Including comment 'warpMathJax') Excluding 'warpprint' comment.
Including 'warpHTML' comment.
\openout3 = `comment_html.cut'.

 Straight input of comment_html.cut.
(./comment_html.cut Lwarp: Excluding comment 'warpsvg')
Lwarp: Excluding comment 'LWRcreatelwarpmk' Including 'warpHTML' comment.
\openout3 = `comment_html.cut'.


Straight input of comment_html.cut. (./comment_html.cut
(c:/texlive/2024/texmf-dist/tex/latex/microtype/microtype.sty
Package: microtype 2024/12/12 v3.2 Micro-typographical refinements (RS)
\MT@toks=\toks20
\MT@tempbox=\box53
\MT@count=\count274
LaTeX Info: Redefining \noprotrusionifhmode on input line 1075.
LaTeX Info: Redefining \leftprotrusion on input line 1076.
\MT@prot@toks=\toks21
LaTeX Info: Redefining \rightprotrusion on input line 1095.
LaTeX Info: Redefining \textls on input line 1437.
\MT@outer@kern=\dimen142
LaTeX Info: Redefining \microtypecontext on input line 2041.
LaTeX Info: Redefining \textmicrotypecontext on input line 2058.
\MT@listname@count=\count275

(c:/texlive/2024/texmf-dist/tex/latex/microtype/microtype-pdftex.def
File: microtype-pdftex.def 2024/12/12 v3.2 Definitions specific to pdftex (RS)
LaTeX Info: Redefining \lsstyle on input line 944.
LaTeX Info: Redefining \lslig on input line 944.
\MT@outer@space=\skip54
)
Package microtype Info: Loading configuration file microtype.cfg.

(c:/texlive/2024/texmf-dist/tex/latex/microtype/microtype.cfg
File: microtype.cfg 2024/12/12 v3.2 microtype main configuration file (RS)
)
LaTeX Info: Redefining \microtypesetup on input line 3053.
))
Including 'warpHTML' comment.
\openout3 = `comment_html.cut'.

 Straight input of comment_html.cut.
(./comment_html.cut (c:/texlive/2024/texmf-dist/tex/latex/geometry/geometry.sty
Package: geometry 2020/01/02 v5.9 Page Geometry
(c:/texlive/2024/texmf-dist/tex/generic/iftex/ifvtex.sty
Package: ifvtex 2019/10/25 v1.7 ifvtex legacy package. Use iftex instead.
)
\Gm@cnth=\count276
\Gm@cntv=\count277
\c@Gm@tempcnt=\count278
\Gm@bindingoffset=\dimen143
\Gm@wd@mp=\dimen144
\Gm@odd@mp=\dimen145
\Gm@even@mp=\dimen146
\Gm@layoutwidth=\dimen147
\Gm@layoutheight=\dimen148
\Gm@layouthoffset=\dimen149
\Gm@layoutvoffset=\dimen150
\Gm@dimlist=\toks22
))
Including 'warpall' comment.
\openout3 = `comment_all.cut'.

 Straight input of comment_all.cut.
(./comment_all.cut (c:/texlive/2024/texmf-dist/tex/latex/tools/calc.sty
Package: calc 2023/07/08 v4.3 Infix arithmetic (KKT,FJ)
\calc@Acount=\count279
\calc@Bcount=\count280
\calc@Adimen=\dimen151
\calc@Bdimen=\dimen152
\calc@Askip=\skip55
\calc@Bskip=\skip56
LaTeX Info: Redefining \setlength on input line 80.
LaTeX Info: Redefining \addtolength on input line 81.
\calc@Ccount=\count281
\calc@Cskip=\skip57
))
Including 'warpHTML' comment.
\openout3 = `comment_html.cut'.

 Straight input of comment_html.cut.
(./comment_html.cut
(c:/texlive/2024/texmf-dist/tex/generic/gettitlestring/gettitlestring.sty
Package: gettitlestring 2019/12/15 v1.6 Cleanup title references (HO)
))
Including 'warpall' comment.
\openout3 = `comment_all.cut'.

 Straight input of comment_all.cut.
(./comment_all.cut) Including 'warpHTML' comment.
\openout3 = `comment_html.cut'.


Straight input of comment_html.cut. (./comment_html.cut
(c:/texlive/2024/texmf-dist/tex/latex/xifthen/xifthen.sty
Package: xifthen 2015/11/05 v1.4.0 Extended ifthen features

(c:/texlive/2024/texmf-dist/tex/latex/base/ifthen.sty
Package: ifthen 2024/03/16 v1.1e Standard LaTeX ifthen package (DPC)
)
(c:/texlive/2024/texmf-dist/tex/latex/ifmtarg/ifmtarg.sty
Package: ifmtarg 2018/04/16 v1.2b check for an empty argument
))
(c:/texlive/2024/texmf-dist/tex/latex/tools/verbatim.sty
Package: verbatim 2024-01-22 v1.5x LaTeX2e package for verbatim enhancements
\every@verbatim=\toks23
\verbatim@line=\toks24
\verbatim@in@stream=\read2
)
(c:/texlive/2024/texmf-dist/tex/latex/refcount/refcount.sty
Package: refcount 2019/12/15 v3.6 Data extraction from label references (HO)
)
(c:/texlive/2024/texmf-dist/tex/latex/newfloat/newfloat.sty
Package: newfloat 2023/10/01 v1.2 Defining new floating environments (AR)
))
Including 'warpall' comment.
\openout3 = `comment_all.cut'.

 Straight input of comment_all.cut.
(./comment_all.cut (c:/texlive/2024/texmf-dist/tex/generic/xstring/xstring.sty
(c:/texlive/2024/texmf-dist/tex/generic/xstring/xstring.tex
\xs_counta=\count282
\xs_countb=\count283
)
Package: xstring 2023/08/22 v1.86 String manipulations (CT)
)
(c:/texlive/2024/texmf-dist/tex/latex/environ/environ.sty
Package: environ 2014/05/04 v0.3 A new way to define environments

(c:/texlive/2024/texmf-dist/tex/latex/trimspaces/trimspaces.sty
Package: trimspaces 2009/09/17 v1.1 Trim spaces around a token list
)
\@envbody=\toks25
))
Including 'warpHTML' comment.
\openout3 = `comment_html.cut'.

 Straight input of comment_html.cut.
(./comment_html.cut (c:/texlive/2024/texmf-dist/tex/latex/printlen/printlen.sty
Package: printlen 2009/09/03 v1.1a print lengths with units
)) Including 'warpall' comment.
\openout3 = `comment_all.cut'.

 Straight input of comment_all.cut.
(./comment_all.cut) Including 'warpHTML' comment.
\openout3 = `comment_html.cut'.


Straight input of comment_html.cut. (./comment_html.cut)
Including 'warpall' comment.
\openout3 = `comment_all.cut'.

 Straight input of comment_all.cut.
(./comment_all.cut
\LWR@quickfile=\write4
) Including 'warpHTML' comment.
\openout3 = `comment_html.cut'.


Straight input of comment_html.cut. (./comment_html.cut
\LWR@lateximagesfile=\write5
)
Including 'warpHTML' comment.
\openout3 = `comment_html.cut'.

 Straight input of comment_html.cut.
(./comment_html.cut) Including 'warpHTML' comment.
\openout3 = `comment_html.cut'.


Straight input of comment_html.cut. (./comment_html.cut
\LWR@copyoutfile=\write6
\LWR@copyinfile=\read3
)
Including 'warpall' comment.
\openout3 = `comment_all.cut'.

 Straight input of comment_all.cut.
(./comment_all.cut) Including 'warpall' comment.
\openout3 = `comment_all.cut'.


Straight input of comment_all.cut. (./comment_all.cut)
Including 'warpHTML' comment.
\openout3 = `comment_html.cut'.

 Straight input of comment_html.cut.
(./comment_html.cut) Including 'warpall' comment.
\openout3 = `comment_all.cut'.


Straight input of comment_all.cut. (./comment_all.cut)
Including 'warpHTML' comment.
\openout3 = `comment_html.cut'.

 Straight input of comment_html.cut.
(./comment_html.cut) Including 'warpHTML' comment.
\openout3 = `comment_html.cut'.


Straight input of comment_html.cut. (./comment_html.cut)
Including 'warpHTML' comment.
\openout3 = `comment_html.cut'.

 Straight input of comment_html.cut.
(./comment_html.cut) Lwarp: Excluding comment 'LWRwriteconf'
Excluding 'warpprint' comment. Excluding 'LWRwriteconf' comment.
Excluding 'LWRwriteconf' comment. Excluding 'LWRwriteconf' comment.
Excluding 'LWRwriteconf' comment. Excluding 'LWRwriteconf' comment.
Excluding 'LWRwriteconf' comment. Excluding 'LWRwriteconf' comment.
Excluding 'LWRwriteconf' comment. Excluding 'LWRwriteconf' comment.
Excluding 'LWRwriteconf' comment. Excluding 'LWRwriteconf' comment.
Excluding 'LWRwriteconf' comment. Excluding 'LWRcreatelwarpmk' comment.
Including 'warpHTML' comment.
\openout3 = `comment_html.cut'.

 Straight input of comment_html.cut.
(./comment_html.cut) Including 'warpHTML' comment.
\openout3 = `comment_html.cut'.


Straight input of comment_html.cut. (./comment_html.cut)
Including 'warpall' comment.
\openout3 = `comment_all.cut'.

 Straight input of comment_all.cut.
(./comment_all.cut) Including 'warpHTML' comment.
\openout3 = `comment_html.cut'.


Straight input of comment_html.cut. (./comment_html.cut)
Including 'warpall' comment.
\openout3 = `comment_all.cut'.

 Straight input of comment_all.cut.
(./comment_all.cut) Including 'warpHTML' comment.
\openout3 = `comment_html.cut'.


Straight input of comment_html.cut. (./comment_html.cut)
Including 'warpall' comment.
\openout3 = `comment_all.cut'.

 Straight input of comment_all.cut.
(./comment_all.cut) Including 'warpHTML' comment.
\openout3 = `comment_html.cut'.


Straight input of comment_html.cut. (./comment_html.cut
\c@LWR@HTMLpagenum=\count284
\c@LWR@htmlseqfilenumber=\count285
\c@LWR@htmlfilenumber=\count286
)
Including 'warpall' comment.
\openout3 = `comment_all.cut'.

 Straight input of comment_all.cut.
(./comment_all.cut) Including 'warpHTML' comment.
\openout3 = `comment_html.cut'.


Straight input of comment_html.cut. (./comment_html.cut)
Excluding 'warpprint' comment. Including 'warpHTML' comment.
\openout3 = `comment_html.cut'.


Straight input of comment_html.cut. (./comment_html.cut)
Including 'warpall' comment.
\openout3 = `comment_all.cut'.

 Straight input of comment_all.cut.
(./comment_all.cut) Excluding 'warpprint' comment.
Including 'warpHTML' comment.
\openout3 = `comment_html.cut'.

 Straight input of comment_html.cut.
(./comment_html.cut) Including 'warpHTML' comment.
\openout3 = `comment_html.cut'.


Straight input of comment_html.cut. (./comment_html.cut)
Excluding 'warpprint' comment. Including 'warpHTML' comment.
\openout3 = `comment_html.cut'.


Straight input of comment_html.cut. (./comment_html.cut)
Including 'warpHTML' comment.
\openout3 = `comment_html.cut'.

 Straight input of comment_html.cut.
(./comment_html.cut) Including 'warpHTML' comment.
\openout3 = `comment_html.cut'.


Straight input of comment_html.cut. (./comment_html.cut)
Including 'warpall' comment.
\openout3 = `comment_all.cut'.

 Straight input of comment_all.cut.
(./comment_all.cut) Including 'warpHTML' comment.
\openout3 = `comment_html.cut'.


Straight input of comment_html.cut. (./comment_html.cut)
Including 'warpall' comment.
\openout3 = `comment_all.cut'.

 Straight input of comment_all.cut.
(./comment_all.cut) Including 'warpHTML' comment.
\openout3 = `comment_html.cut'.


Straight input of comment_html.cut. (./comment_html.cut)
Including 'warpall' comment.
\openout3 = `comment_all.cut'.

 Straight input of comment_all.cut.
(./comment_all.cut) Including 'warpHTML' comment.
\openout3 = `comment_html.cut'.


Straight input of comment_html.cut. (./comment_html.cut)
Including 'warpall' comment.
\openout3 = `comment_all.cut'.

 Straight input of comment_all.cut.
(./comment_all.cut) Including 'warpHTML' comment.
\openout3 = `comment_html.cut'.


Straight input of comment_html.cut. (./comment_html.cut)
Including 'warpHTML' comment.
\openout3 = `comment_html.cut'.

 Straight input of comment_html.cut.
(./comment_html.cut) Including 'warpHTML' comment.
\openout3 = `comment_html.cut'.


Straight input of comment_html.cut. (./comment_html.cut
\c@LWR@spandepth=\count287
)
Including 'warpHTML' comment.
\openout3 = `comment_html.cut'.

 Straight input of comment_html.cut.
(./comment_html.cut) Including 'warpHTML' comment.
\openout3 = `comment_html.cut'.


Straight input of comment_html.cut. (./comment_html.cut)
Including 'warpall' comment.
\openout3 = `comment_all.cut'.

 Straight input of comment_all.cut.
(./comment_all.cut) Including 'warpHTML' comment.
\openout3 = `comment_html.cut'.


Straight input of comment_html.cut. (./comment_html.cut)
Excluding 'warpprint' comment. Including 'warpHTML' comment.
\openout3 = `comment_html.cut'.


Straight input of comment_html.cut. (./comment_html.cut)
Excluding 'warpprint' comment. Including 'warpHTML' comment.
\openout3 = `comment_html.cut'.


Straight input of comment_html.cut. (./comment_html.cut)
Including 'warpall' comment.
\openout3 = `comment_all.cut'.

 Straight input of comment_all.cut.
(./comment_all.cut) Including 'warpall' comment.
\openout3 = `comment_all.cut'.


Straight input of comment_all.cut. (./comment_all.cut
\c@FootnoteDepth=\count288
\c@footnoteReset=\count289
)
Including 'warpHTML' comment.
\openout3 = `comment_html.cut'.

 Straight input of comment_html.cut.
(./comment_html.cut
\LWR@footnotebox=\box54
\LWR@mpfootnotes=\box55
) Including 'warpHTML' comment.
\openout3 = `comment_html.cut'.


Straight input of comment_html.cut. (./comment_html.cut)
Excluding 'warpprint' comment.
\c@LWR@currentautosecpage=\count290
\c@LWR@currentautosecfloatpage=\count291
\c@LWR@previousautopagelabel=\count292
 Including 'warpall' comment.
\openout3 = `comment_all.cut'.


Straight input of comment_all.cut. (./comment_all.cut
\c@FileDepth=\count293
)
Including 'warpHTML' comment.
\openout3 = `comment_html.cut'.

 Straight input of comment_html.cut.
(./comment_html.cut) Including 'warpMathJax' comment.
\openout3 = `comment_mathjax.cut'.


Straight input of comment_mathjax.cut. (./comment_mathjax.cut)
Including 'warpMathJax' comment.
\openout3 = `comment_mathjax.cut'.

 Straight input of comment_mathjax.cut.
(./comment_mathjax.cut) Including 'warpHTML' comment.
\openout3 = `comment_html.cut'.


Straight input of comment_html.cut. (./comment_html.cut)
Excluding 'warpprint' comment. Including 'warpHTML' comment.
\openout3 = `comment_html.cut'.


Straight input of comment_html.cut. (./comment_html.cut)
Including 'warpHTML' comment.
\openout3 = `comment_html.cut'.

 Straight input of comment_html.cut.
(./comment_html.cut) Excluding 'warpprint' comment.
Including 'warpHTML' comment.
\openout3 = `comment_html.cut'.

 Straight input of comment_html.cut.
(./comment_html.cut
\c@LWR@prevFileDepth=\count294
) Including 'warpall' comment.
\openout3 = `comment_all.cut'.


Straight input of comment_all.cut. (./comment_all.cut)
Including 'warpHTML' comment.
\openout3 = `comment_html.cut'.

 Straight input of comment_html.cut.
(./comment_html.cut) Including 'warpHTML' comment.
\openout3 = `comment_html.cut'.


Straight input of comment_html.cut. (./comment_html.cut)
Including 'warpHTML' comment.
\openout3 = `comment_html.cut'.

 Straight input of comment_html.cut.
(./comment_html.cut) Including 'warpall' comment.
\openout3 = `comment_all.cut'.


Straight input of comment_all.cut. (./comment_all.cut)
Including 'warpall' comment.
\openout3 = `comment_all.cut'.

 Straight input of comment_all.cut.
(./comment_all.cut) Excluding 'warpprint' comment.
Including 'warpHTML' comment.
\openout3 = `comment_html.cut'.

 Straight input of comment_html.cut.
(./comment_html.cut) Excluding 'warpprint' comment.
Including 'warpHTML' comment.
\openout3 = `comment_html.cut'.

 Straight input of comment_html.cut.
(./comment_html.cut) Including 'warpHTML' comment.
\openout3 = `comment_html.cut'.


Straight input of comment_html.cut. (./comment_html.cut)
Excluding 'warpprint' comment. Including 'warpHTML' comment.
\openout3 = `comment_html.cut'.


Straight input of comment_html.cut. (./comment_html.cut)
Including 'warpall' comment.
\openout3 = `comment_all.cut'.

 Straight input of comment_all.cut.
(./comment_all.cut) Including 'warpHTML' comment.
\openout3 = `comment_html.cut'.


Straight input of comment_html.cut. (./comment_html.cut)
Including 'warpall' comment.
\openout3 = `comment_all.cut'.

 Straight input of comment_all.cut.
(./comment_all.cut) Including 'warpHTML' comment.
\openout3 = `comment_html.cut'.


Straight input of comment_html.cut. (./comment_html.cut)
Including 'warpHTML' comment.
\openout3 = `comment_html.cut'.

 Straight input of comment_html.cut.
(./comment_html.cut) Including 'warpHTML' comment.
\openout3 = `comment_html.cut'.


Straight input of comment_html.cut. (./comment_html.cut)
Including 'warpall' comment.
\openout3 = `comment_all.cut'.

 Straight input of comment_all.cut.
(./comment_all.cut
\HTMLvleftskip=\skip58
\HTMLleftmargini=\skip59
) Including 'warpall' comment.
\openout3 = `comment_all.cut'.


Straight input of comment_all.cut. (./comment_all.cut
\VerbatimHTMLWidth=\skip60
)
Including 'warpHTML' comment.
\openout3 = `comment_html.cut'.

 Straight input of comment_html.cut.
(./comment_html.cut) Including 'warpHTML' comment.
\openout3 = `comment_html.cut'.


Straight input of comment_html.cut. (./comment_html.cut)
Including 'warpHTML' comment.
\openout3 = `comment_html.cut'.

 Straight input of comment_html.cut.
(./comment_html.cut) Including 'warpHTML' comment.
\openout3 = `comment_html.cut'.


Straight input of comment_html.cut. (./comment_html.cut
\c@LWR@hlines=\count295
\c@LWR@hdashedlines=\count296
\c@LWR@tabulardepth=\count297
\c@LWR@tabularpardepth=\count298
\c@LWR@tablecolspecwidth=\count299
\c@LWR@tablecolspecindex=\count300
\c@LWR@tableLaTeXcolindex=\count301
\c@LWR@tabletotalLaTeXcols=\count302
\c@LWR@tabletotalLaTeXcolsnext=\count303
\c@LWR@cellcolordepth=\count304
\c@LWR@tablemulticolswidth=\count305
\c@LWR@tablemulticolspos=\count306
\c@LWR@mcolvertbarsl=\count307
\c@LWR@mcolvertbarsr=\count308
\c@LWR@mcolvertbarsldash=\count309
\c@LWR@mcolvertbarsrdash=\count310
\c@LWR@midrulecounter=\count311
)
Including 'warpHTML' comment.
\openout3 = `comment_html.cut'.

 Straight input of comment_html.cut.
(./comment_html.cut) Excluding 'warpprint' comment.
Including 'warpHTML' comment.
\openout3 = `comment_html.cut'.

 Straight input of comment_html.cut.
(./comment_html.cut
\rownum=\count312
\LWR@heavyrulewidth=\skip61
\LWR@lightrulewidth=\skip62
\LWR@cmidrulewidth=\skip63
\LWR@thiscmidrulewidth=\skip64
\c@LWR@lastmulticolumn=\count313
\c@LWR@tabhtmlcolindex=\count314
\c@LWR@tabhtmlcolend=\count315
\c@LWR@tabhtmlcoltotal=\count316
) Including 'warpHTML' comment.
\openout3 = `comment_html.cut'.


Straight input of comment_html.cut. (./comment_html.cut)
Including 'warpall' comment.
\openout3 = `comment_all.cut'.

 Straight input of comment_all.cut.
(./comment_all.cut) Including 'warpHTML' comment.
\openout3 = `comment_html.cut'.


Straight input of comment_html.cut. (./comment_html.cut)
Including 'warpall' comment.
\openout3 = `comment_all.cut'.

 Straight input of comment_all.cut.
(./comment_all.cut) Including 'warpHTML' comment.
\openout3 = `comment_html.cut'.


Straight input of comment_html.cut. (./comment_html.cut)
Excluding 'warpprint' comment. Including 'warpHTML' comment.
\openout3 = `comment_html.cut'.


Straight input of comment_html.cut. (./comment_html.cut)
Including 'warpall' comment.
\openout3 = `comment_all.cut'.

 Straight input of comment_all.cut.
(./comment_all.cut) Including 'warpall' comment.
\openout3 = `comment_all.cut'.


Straight input of comment_all.cut. (./comment_all.cut)
Including 'warpHTML' comment.
\openout3 = `comment_html.cut'.

 Straight input of comment_html.cut.
(./comment_html.cut) Including 'warpHTML' comment.
\openout3 = `comment_html.cut'.


Straight input of comment_html.cut. (./comment_html.cut)
Including 'warpHTML' comment.
\openout3 = `comment_html.cut'.

 Straight input of comment_html.cut.
(./comment_html.cut
\c@LWR@thisautoid=\count317
\c@LWR@thisautoidWP=\count318
\c@LWR@nextautoid=\count319
\c@LWR@nextautopage=\count320
 (c:/texlive/2024/texmf-dist/tex/latex/capt-of/capt-of.sty
Package: capt-of 2009/12/29 v0.2 standard captions outside of floats
)) Including 'warpHTML' comment.
\openout3 = `comment_html.cut'.

 Straight input of comment_html.cut.
(./comment_html.cut) Including 'warpall' comment.
\openout3 = `comment_all.cut'.


Straight input of comment_all.cut. (./comment_all.cut
\c@SideTOCDepth=\count321
)
Including 'warpHTML' comment.
\openout3 = `comment_html.cut'.

 Straight input of comment_html.cut.
(./comment_html.cut
\c@lofdepth=\count322
\c@lotdepth=\count323
) Including 'warpHTML' comment.
\openout3 = `comment_html.cut'.


Straight input of comment_html.cut. (./comment_html.cut
\c@LWR@autoindex=\count324
\c@LWR@autoglossary=\count325
)
Excluding 'warpprint' comment. Including 'warpall' comment.
\openout3 = `comment_all.cut'.


Straight input of comment_all.cut. (./comment_all.cut)
Including 'warpHTML' comment.
\openout3 = `comment_html.cut'.

 Straight input of comment_html.cut.
(./comment_html.cut) Including 'warpHTML' comment.
\openout3 = `comment_html.cut'.


Straight input of comment_html.cut. (./comment_html.cut)
Including 'warpHTML' comment.
\openout3 = `comment_html.cut'.

 Straight input of comment_html.cut.
(./comment_html.cut) Including 'warpall' comment.
\openout3 = `comment_all.cut'.


Straight input of comment_all.cut. (./comment_all.cut)
Including 'warpHTML' comment.
\openout3 = `comment_html.cut'.

 Straight input of comment_html.cut.
(./comment_html.cut
\c@LWR@externalfilecnt=\count326
\LWR@singledollarwidth=\skip65
\LWR@singledollarheight=\skip66
\LWR@singledollardepth=\skip67
\LWR@singledollarbox=\box56
\c@LWR@nextequation=\count327
) Excluding 'warpprint' comment.
Including 'warpHTML' comment.
\openout3 = `comment_html.cut'.

 Straight input of comment_html.cut.
(./comment_html.cut) Including 'warpHTML' comment.
\openout3 = `comment_html.cut'.


Straight input of comment_html.cut. (./comment_html.cut
\c@LWR@lateximagenumber=\count328
\c@LWR@lateximagedepth=\count329
\c@LWR@LIpage=\count330
)
Including 'warpall' comment.
\openout3 = `comment_all.cut'.

 Straight input of comment_all.cut.
(./comment_all.cut) Including 'warpHTML' comment.
\openout3 = `comment_html.cut'.


Straight input of comment_html.cut. (./comment_html.cut
\c@LWR@startingequation=\count331
)
Excluding 'warpprint' comment. Including 'warpHTML' comment.
\openout3 = `comment_html.cut'.


Straight input of comment_html.cut. (./comment_html.cut)
Including 'warpHTML' comment.
\openout3 = `comment_html.cut'.

 Straight input of comment_html.cut.
(./comment_html.cut) Including 'warpHTML' comment.
\openout3 = `comment_html.cut'.


Straight input of comment_html.cut. (./comment_html.cut)
Excluding 'warpprint' comment. Excluding 'warpprint' comment.
Including 'warpall' comment.
\openout3 = `comment_all.cut'.

 Straight input of comment_all.cut.
(./comment_all.cut) Excluding 'warpprint' comment.
Including 'warpHTML' comment.
\openout3 = `comment_html.cut'.

 Straight input of comment_html.cut.
(./comment_html.cut) Including 'warpHTML' comment.
\openout3 = `comment_html.cut'.


Straight input of comment_html.cut. (./comment_html.cut)
Including 'warpHTML' comment.
\openout3 = `comment_html.cut'.

 Straight input of comment_html.cut.
(./comment_html.cut) Including 'warpHTML' comment.
\openout3 = `comment_html.cut'.


Straight input of comment_html.cut. (./comment_html.cut
\LWR@minipagewidth=\skip68
\LWR@minipageheight=\skip69
\c@LWR@virtualpagedepth=\count332
)
Excluding 'warpprint' comment. Including 'warpHTML' comment.
\openout3 = `comment_html.cut'.


Straight input of comment_html.cut. (./comment_html.cut
\c@LWR@minipage@depth=\count333
\c@LWR@mpfootnote@store=\count334
\LWR@atleastonept=\skip70
)
Including 'warpall' comment.
\openout3 = `comment_all.cut'.

 Straight input of comment_all.cut.
(./comment_all.cut) Including 'warpHTML' comment.
\openout3 = `comment_html.cut'.


Straight input of comment_html.cut. (./comment_html.cut)
Including 'warpall' comment.
\openout3 = `comment_all.cut'.

 Straight input of comment_all.cut.
(./comment_all.cut
\LWR@fminipagebox=\box57
) Including 'warpHTML' comment.
\openout3 = `comment_html.cut'.


Straight input of comment_html.cut. (./comment_html.cut)
Including 'warpall' comment.
\openout3 = `comment_all.cut'.

 Straight input of comment_all.cut.
(./comment_all.cut) Including 'warpHTML' comment.
\openout3 = `comment_html.cut'.


Straight input of comment_html.cut. (./comment_html.cut
\c@LWR@textcurrentfontdepth=\count335
)
Excluding 'warpprint' comment. Including 'warpHTML' comment.
\openout3 = `comment_html.cut'.


Straight input of comment_html.cut. (./comment_html.cut
\LWR@tempwidth=\skip71
\LWR@tempheight=\skip72
\LWR@tempraise=\skip73
)
Including 'warpHTML' comment.
\openout3 = `comment_html.cut'.

 Straight input of comment_html.cut.
(./comment_html.cut) Including 'warpall' comment.
\openout3 = `comment_all.cut'.


Straight input of comment_all.cut. (./comment_all.cut)
Including 'warpHTML' comment.
\openout3 = `comment_html.cut'.

 Straight input of comment_html.cut.
(./comment_html.cut) Including 'warpHTML' comment.
\openout3 = `comment_html.cut'.


Straight input of comment_html.cut. (./comment_html.cut)
Including 'warpHTML' comment.
\openout3 = `comment_html.cut'.

 Straight input of comment_html.cut.
(./comment_html.cut (c:/texlive/2024/texmf-dist/tex/latex/lwarp/lwarp-array.sty
Package lwarp Info: Using package `array',
(lwarp)             and adding lwarp modifications, including options,
(lwarp)              on input line 24.
Package: lwarp-array 2018/12/30
(c:/texlive/2024/texmf-dist/tex/latex/tools/array.sty
Package: array 2024/10/17 v2.6g Tabular extension package (FMi)
\col@sep=\dimen153
\ar@mcellbox=\box58
\extrarowheight=\dimen154
\NC@list=\toks26
\extratabsurround=\skip74
\backup@length=\skip75
\ar@cellbox=\box59
)))
Including 'warpHTML' comment.
\openout3 = `comment_html.cut'.

 Straight input of comment_html.cut.
(./comment_html.cut) Including 'warpHTML' comment.
\openout3 = `comment_html.cut'.


Straight input of comment_html.cut. (./comment_html.cut)
(c:/texlive/2024/texmf-dist/tex/latex/lwarp/lwarp-textcomp.sty
Package lwarp Info: Using package `textcomp',
(lwarp)             and adding lwarp modifications, including options,
(lwarp)              on input line 22.
Package: lwarp-textcomp 2017/04/05
)
Including 'warpHTML' comment.
\openout3 = `comment_html.cut'.

 Straight input of comment_html.cut.
(./comment_html.cut) Including 'warpHTML' comment.
\openout3 = `comment_html.cut'.


Straight input of comment_html.cut. (./comment_html.cut)
Excluding 'warpprint' comment. Including 'warpHTML' comment.
\openout3 = `comment_html.cut'.


Straight input of comment_html.cut. (./comment_html.cut)
Including 'warpHTML' comment.
\openout3 = `comment_html.cut'.

 Straight input of comment_html.cut.
(./comment_html.cut) Including 'warpHTML' comment.
\openout3 = `comment_html.cut'.


Straight input of comment_html.cut. (./comment_html.cut)
Including 'warpHTML' comment.
\openout3 = `comment_html.cut'.

 Straight input of comment_html.cut.
(./comment_html.cut) Including 'warpHTML' comment.
\openout3 = `comment_html.cut'.


Straight input of comment_html.cut. (./comment_html.cut))
(c:/texlive/2024/texmf-dist/tex/latex/lwarp/lwarp-amsthm.sty
(c:/texlive/2024/texmf-dist/tex/latex/lwarp/lwarp-amsmath.sty
Package lwarp Info: Using package `amsmath',
(lwarp)             and adding lwarp modifications, including options,
(lwarp)              on input line 19.
Package: lwarp-amsmath 2017/09/02

(c:/texlive/2024/texmf-dist/tex/latex/amsmath/amsmath.sty
Package: amsmath 2024/11/05 v2.17t AMS math features
\@mathmargin=\skip76

For additional information on amsmath, use the `?' option.
(c:/texlive/2024/texmf-dist/tex/latex/amsmath/amstext.sty
Package: amstext 2021/08/26 v2.01 AMS text

(c:/texlive/2024/texmf-dist/tex/latex/amsmath/amsgen.sty
File: amsgen.sty 1999/11/30 v2.0 generic functions
\@emptytoks=\toks27
\ex@=\dimen155
))
(c:/texlive/2024/texmf-dist/tex/latex/amsmath/amsbsy.sty
Package: amsbsy 1999/11/29 v1.2d Bold Symbols
\pmbraise@=\dimen156
)
(c:/texlive/2024/texmf-dist/tex/latex/amsmath/amsopn.sty
Package: amsopn 2022/04/08 v2.04 operator names
)
\inf@bad=\count336
LaTeX Info: Redefining \frac on input line 233.
\uproot@=\count337
\leftroot@=\count338
LaTeX Info: Redefining \overline on input line 398.
LaTeX Info: Redefining \colon on input line 409.
\classnum@=\count339
\DOTSCASE@=\count340
LaTeX Info: Redefining \ldots on input line 495.
LaTeX Info: Redefining \dots on input line 498.
LaTeX Info: Redefining \cdots on input line 619.
\Mathstrutbox@=\box60
\strutbox@=\box61
LaTeX Info: Redefining \big on input line 721.
LaTeX Info: Redefining \Big on input line 722.
LaTeX Info: Redefining \bigg on input line 723.
LaTeX Info: Redefining \Bigg on input line 724.
\big@size=\dimen157
LaTeX Font Info:    Redeclaring font encoding OML on input line 742.
LaTeX Font Info:    Redeclaring font encoding OMS on input line 743.
\macc@depth=\count341
LaTeX Info: Redefining \bmod on input line 904.
LaTeX Info: Redefining \pmod on input line 909.
LaTeX Info: Redefining \smash on input line 939.
LaTeX Info: Redefining \relbar on input line 969.
LaTeX Info: Redefining \Relbar on input line 970.
\c@MaxMatrixCols=\count342
\dotsspace@=\muskip17
\c@parentequation=\count343
\dspbrk@lvl=\count344
\tag@help=\toks28
\row@=\count345
\column@=\count346
\maxfields@=\count347
\andhelp@=\toks29
\eqnshift@=\dimen158
\alignsep@=\dimen159
\tagshift@=\dimen160
\tagwidth@=\dimen161
\totwidth@=\dimen162
\lineht@=\dimen163
\@envbody=\toks30
\multlinegap=\skip77
\multlinetaggap=\skip78
\mathdisplay@stack=\toks31
LaTeX Info: Redefining \[ on input line 2953.
LaTeX Info: Redefining \] on input line 2954.
)
\c@LWR@amsmathdepth=\count348
\c@LWR@maxfields@=\count349

Including 'warpMathJax' comment.
\openout3 = `comment_mathjax.cut'.

 Straight input of comment_mathjax.cut.
(./comment_mathjax.cut))
Package lwarp Info: Using package `amsthm',
(lwarp)             and adding lwarp modifications, including options,
(lwarp)              on input line 36.
Package: lwarp-amsthm 2017/10/31

(c:/texlive/2024/texmf-dist/tex/latex/amscls/amsthm.sty
Package: amsthm 2020/05/29 v2.20.6
\thm@style=\toks32
\thm@bodyfont=\toks33
\thm@headfont=\toks34
\thm@notefont=\toks35
\thm@headpunct=\toks36
\thm@preskip=\skip79
\thm@postskip=\skip80
\thm@headsep=\skip81
\dth@everypar=\toks37
)
LaTeX Info: Redefining \qed on input line 184.
)
(c:/texlive/2024/texmf-dist/tex/latex/amsfonts/amssymb.sty
Package: amssymb 2013/01/14 v3.01 AMS font symbols

(c:/texlive/2024/texmf-dist/tex/latex/amsfonts/amsfonts.sty
Package: amsfonts 2013/01/14 v3.01 Basic AMSFonts support
\symAMSa=\mathgroup4
\symAMSb=\mathgroup5
LaTeX Font Info:    Redeclaring math symbol \hbar on input line 98.
LaTeX Font Info:    Overwriting math alphabet `\mathfrak' in version `bold'
(Font)                  U/euf/m/n --> U/euf/b/n on input line 106.
))
(c:/texlive/2024/texmf-dist/tex/latex/lwarp/lwarp-hyperref.sty
Package lwarp Info: Using the lwarp HTML version of package `hyperref',
(lwarp)             and discarding options except backref, pagebackref.
(lwarp)             (Not using \ProvidesPackage, so that other packages
(lwarp)             do not attempt to patch lwarp's version of `hyperref'.)
(lwarp)              on input line 26.
\XeTeXLinkMargin=\dimen164
)
(c:/texlive/2024/texmf-dist/tex/latex/lwarp/lwarp-cleveref.sty
Package lwarp Info: Using package `cleveref',
(lwarp)             and adding lwarp modifications, including options,
(lwarp)              on input line 19.
Package: lwarp-cleveref 2018/03/27

(c:/texlive/2024/texmf-dist/tex/latex/cleveref/cleveref.sty
Package: cleveref 2018/03/27 v0.21.4 Intelligent cross-referencing
Package cleveref Info: `amsthm' support loaded on input line 3026.
))
(c:/texlive/2024/texmf-dist/tex/latex/lwarp/lwarp-makeidx.sty
Package lwarp Info: Using package `makeidx',
(lwarp)             and adding lwarp modifications, including options,
(lwarp)              on input line 19.
Package: lwarp-makeidx 2014/09/29

(c:/texlive/2024/texmf-dist/tex/latex/base/makeidx.sty
Package: makeidx 2021/10/04 v1.0m Standard LaTeX package
))
\@indexfile=\write7
\openout7 = `Logic_html.idx'.


Writing index file Logic_html.idx
(c:/texlive/2024/texmf-dist/tex/latex/lwarp/lwarp-fullpage.sty
Package lwarp Info: Replacing package `fullpage' with the lwarp version,
(lwarp)             and discarding options, on input line 19.
Package: lwarp-fullpage 1994/06/01
)
(c:/texlive/2024/texmf-dist/tex/latex/lwarp/lwarp-bm.sty
Package lwarp Info: Using package `bm',
(lwarp)             and adding lwarp modifications, including options,
(lwarp)              on input line 19.
Package: lwarp-bm 2019/07/24

(c:/texlive/2024/texmf-dist/tex/latex/tools/bm.sty
Package: bm 2023/12/19 v1.2f Bold Symbol Support (DPC/FMi)
\symboldoperators=\mathgroup6
\symboldletters=\mathgroup7
\symboldsymbols=\mathgroup8
Package bm Info: No bold for \OMX/cmex/m/n, using \pmb.
Package bm Info: No bold for \U/msa/m/n, using \pmb.
Package bm Info: No bold for \U/msb/m/n, using \pmb.
LaTeX Font Info:    Redeclaring math alphabet \mathbf on input line 149.
)
Including 'warpMathJax' comment.
\openout3 = `comment_mathjax.cut'.

 Straight input of comment_mathjax.cut.
(./comment_mathjax.cut))
(c:/texlive/2024/texmf-dist/tex/latex/lwarp/lwarp-enumitem.sty
Package lwarp Info: Using package `enumitem',
(lwarp)             and adding lwarp modifications, including options,
(lwarp)              on input line 19.
Package: lwarp-enumitem 2018/11/30

(c:/texlive/2024/texmf-dist/tex/latex/enumitem/enumitem.sty
Package: enumitem 2019/06/20 v3.9 Customized lists
\labelindent=\skip82
\enit@outerparindent=\dimen165
\enit@toks=\toks38
\enit@inbox=\box62
\enit@count@id=\count350
\enitdp@description=\count351
))
\c@theorem=\count352
\c@warning=\count353

Including 'warpHTML' comment.
\openout3 = `comment_html.cut'.

 Straight input of comment_html.cut.
(./comment_html.cut)
(c:/texlive/2024/texmf-dist/tex/latex/lwarp/lwarp-sectsty.sty
Package lwarp Info: Replacing package `sectsty' with the lwarp version,
(lwarp)             and discarding options, on input line 19.
Package: lwarp-sectsty 2002/02/25
)
(c:/texlive/2024/texmf-dist/tex/latex/synttree/synttree.sty
\MTr@level=\count354
\MTr@numchildren=\count355
\MTr@maxlevel=\count356
\MTr@mybranchmult=\count357
\MTr@labelbox=\box63
\MTr@treebox=\box64
\MTr@treev=\count358
\MTr@treew=\count359
\MTr@treeheight=\count360
\MTr@treedepth=\count361
\MTr@branchmult=\count362
\MTr@labeldepth=\count363
\MTr@labelheight=\count364
\MTr@labelhalfwidth=\count365
\MTr@morex=\count366
\MTr@parenty=\count367
\MTr@picwidth=\count368
\MTr@picheight=\count369
\MTr@templength=\skip83
\MTr@loopcnta=\count370
\MTr@tempcnta=\count371
\MTr@tempcntb=\count372
\MTr@tempcntc=\count373
\MTr@branchheight=\count374
\MTr@trianglemultright=\count375
\MTr@trianglemultleft=\count376
\MTr@lineoffset=\count377
\MTr@minheight=\skip84
\MTr@childsidesep=\count378
\MTr@childattachsep=\count379
)
(c:/texlive/2024/texmf-dist/tex/latex/lwarp/lwarp-multicol.sty
Package lwarp Info: Replacing package `multicol' with the lwarp version,
(lwarp)             and discarding options, on input line 22.
Package: lwarp-multicol 2021/10/28
\premulticols=\skip85
\postmulticols=\skip86
\multicolsep=\skip87
\multicolbaselineskip=\skip88
\multicoltolerance=\skip89
\multicolpretolerance=\skip90
\c@columnbadness=\count380
\c@finalcolumnbadness=\count381
\c@collectmore=\count382
\c@unbalance=\count383
\multicolovershoot=\skip91
\multicolundershoot=\skip92
)
(c:/texlive/2024/texmf-dist/tex/latex/lwarp/lwarp-lipsum.sty
Package lwarp Info: Using package `lipsum',
(lwarp)             and adding lwarp modifications, including options,
(lwarp)              on input line 19.
Package: lwarp-lipsum 2021-09-20

(c:/texlive/2024/texmf-dist/tex/latex/lipsum/lipsum.sty
(c:/texlive/2024/texmf-dist/tex/latex/l3packages/l3keys2e/l3keys2e.sty
Package: l3keys2e 2024-08-16 LaTeX2e option processing using LaTeX3 keys
)
Package: lipsum 2021-09-20 v2.7 150 paragraphs of Lorem Ipsum dummy text
\g__lipsum_par_int=\count384
\l__lipsum_a_int=\count385
\l__lipsum_b_int=\count386

(c:/texlive/2024/texmf-dist/tex/latex/lipsum/lipsum.ltd.tex)))
(c:/texlive/2024/texmf-dist/tex/latex/lwarp/lwarp-ulem.sty
Package lwarp Info: Using package `ulem',
(lwarp)             and adding lwarp modifications, including options,
(lwarp)              on input line 20.
Package: lwarp-ulem 2012/05/18

(/MATHLATEX/SYSTEM/tex/latex/ulem/ulem.sty
\UL@box=\box65
\UL@hyphenbox=\box66
\UL@skip=\skip93
\UL@hook=\toks39
\UL@pe=\count387
\UL@pixel=\dimen166
\ULC@box=\box67
Package: ulem 2010/01/21
\ULdepth=\dimen167
)

LaTeX Warning: You have requested, on input line 20, version
               `2012/05/18' of package ulem,
               but only version
               `2010/01/21'
               is available.

) (./quiver.sty
Package: quiver 2021/01/11 quiver
 (c:/texlive/2024/texmf-dist/tex/latex/tikz-cd/tikz-cd.sty
Package: tikz-cd 2021/05/04 v1.0 Commutative diagrams with TikZ

(c:/texlive/2024/texmf-dist/tex/latex/lwarp/lwarp-tikz.sty
Package lwarp Info: Using package `tikz',
(lwarp)             and adding lwarp modifications, including options,
(lwarp)              on input line 21.
Package: lwarp-tikz 2015/08/07

(c:/texlive/2024/texmf-dist/tex/latex/pgf/frontendlayer/tikz.sty
(c:/texlive/2024/texmf-dist/tex/latex/pgf/basiclayer/pgf.sty
(c:/texlive/2024/texmf-dist/tex/latex/pgf/utilities/pgfrcs.sty
(c:/texlive/2024/texmf-dist/tex/generic/pgf/utilities/pgfutil-common.tex
\pgfutil@everybye=\toks40
\pgfutil@tempdima=\dimen168
\pgfutil@tempdimb=\dimen169
)
(c:/texlive/2024/texmf-dist/tex/generic/pgf/utilities/pgfutil-latex.def
\pgfutil@abb=\box68
)
(c:/texlive/2024/texmf-dist/tex/generic/pgf/utilities/pgfrcs.code.tex
(c:/texlive/2024/texmf-dist/tex/generic/pgf/pgf.revision.tex)
Package: pgfrcs 2023-01-15 v3.1.10 (3.1.10)
))
Package: pgf 2023-01-15 v3.1.10 (3.1.10)

(c:/texlive/2024/texmf-dist/tex/latex/pgf/basiclayer/pgfcore.sty
(c:/texlive/2024/texmf-dist/tex/latex/lwarp/lwarp-graphicx.sty
Package lwarp Info: Using package `graphicx',
(lwarp)             and adding lwarp modifications, including options,
(lwarp)              on input line 21.
Package: lwarp-graphicx 2020/09/09

(c:/texlive/2024/texmf-dist/tex/latex/graphics/graphicx.sty
Package: graphicx 2021/09/16 v1.2d Enhanced LaTeX Graphics (DPC,SPQR)

(c:/texlive/2024/texmf-dist/tex/latex/lwarp/lwarp-graphics.sty
Package lwarp Info: Using package `graphics',
(lwarp)             and adding lwarp modifications, including options,
(lwarp)              on input line 21.
Package: lwarp-graphics 2020/08/30

(c:/texlive/2024/texmf-dist/tex/latex/graphics/graphics.sty
Package: graphics 2024/08/06 v1.4g Standard LaTeX Graphics (DPC,SPQR)

(c:/texlive/2024/texmf-dist/tex/latex/graphics/trig.sty
Package: trig 2023/12/02 v1.11 sin cos tan (DPC)
)
(c:/texlive/2024/texmf-dist/tex/latex/graphics-cfg/graphics.cfg
File: graphics.cfg 2016/06/04 v1.11 sample graphics configuration
)
Package graphics Info: Driver file: pdftex.def on input line 106.

(c:/texlive/2024/texmf-dist/tex/latex/graphics-def/pdftex.def
File: pdftex.def 2024/04/13 v1.2c Graphics/color driver for pdftex
))
\LWR@igwidth=\skip94
\LWR@igheight=\skip95
\LWR@imagesizebox=\box69
)
\Gin@req@height=\dimen170
\Gin@req@width=\dimen171
))
(c:/texlive/2024/texmf-dist/tex/latex/pgf/systemlayer/pgfsys.sty
(c:/texlive/2024/texmf-dist/tex/generic/pgf/systemlayer/pgfsys.code.tex
Package: pgfsys 2023-01-15 v3.1.10 (3.1.10)

(c:/texlive/2024/texmf-dist/tex/generic/pgf/utilities/pgfkeys.code.tex
\pgfkeys@pathtoks=\toks41
\pgfkeys@temptoks=\toks42

(c:/texlive/2024/texmf-dist/tex/generic/pgf/utilities/pgfkeyslibraryfiltered.co
de.tex
\pgfkeys@tmptoks=\toks43
))
\pgf@x=\dimen172
\pgf@y=\dimen173
\pgf@xa=\dimen174
\pgf@ya=\dimen175
\pgf@xb=\dimen176
\pgf@yb=\dimen177
\pgf@xc=\dimen178
\pgf@yc=\dimen179
\pgf@xd=\dimen180
\pgf@yd=\dimen181
\w@pgf@writea=\write8
\r@pgf@reada=\read4
\c@pgf@counta=\count388
\c@pgf@countb=\count389
\c@pgf@countc=\count390
\c@pgf@countd=\count391
\t@pgf@toka=\toks44
\t@pgf@tokb=\toks45
\t@pgf@tokc=\toks46
\pgf@sys@id@count=\count392
 (c:/texlive/2024/texmf-dist/tex/generic/pgf/systemlayer/pgf.cfg
File: pgf.cfg 2023-01-15 v3.1.10 (3.1.10)
)
Driver file for pgf: pgfsys-pdftex.def

(c:/texlive/2024/texmf-dist/tex/generic/pgf/systemlayer/pgfsys-pdftex.def
File: pgfsys-pdftex.def 2023-01-15 v3.1.10 (3.1.10)

(c:/texlive/2024/texmf-dist/tex/generic/pgf/systemlayer/pgfsys-common-pdf.def
File: pgfsys-common-pdf.def 2023-01-15 v3.1.10 (3.1.10)
)))
(c:/texlive/2024/texmf-dist/tex/generic/pgf/systemlayer/pgfsyssoftpath.code.tex
File: pgfsyssoftpath.code.tex 2023-01-15 v3.1.10 (3.1.10)
\pgfsyssoftpath@smallbuffer@items=\count393
\pgfsyssoftpath@bigbuffer@items=\count394
)
(c:/texlive/2024/texmf-dist/tex/generic/pgf/systemlayer/pgfsysprotocol.code.tex
File: pgfsysprotocol.code.tex 2023-01-15 v3.1.10 (3.1.10)
)) (c:/texlive/2024/texmf-dist/tex/latex/lwarp/lwarp-xcolor.sty
Package lwarp Info: Using package `xcolor',
(lwarp)             and adding lwarp modifications, including options,
(lwarp)              on input line 22.
Package: lwarp-xcolor 2023-11-15

(c:/texlive/2024/texmf-dist/tex/latex/xcolor/xcolor.sty
Package: xcolor 2024/09/29 v3.02 LaTeX color extensions (UK)

(c:/texlive/2024/texmf-dist/tex/latex/graphics-cfg/color.cfg
File: color.cfg 2016/01/02 v1.6 sample color configuration
)
Package xcolor Info: Driver file: pdftex.def on input line 274.

(c:/texlive/2024/texmf-dist/tex/latex/graphics/mathcolor.ltx)
Package xcolor Info: Model `cmy' substituted by `cmy0' on input line 1349.
Package xcolor Info: Model `hsb' substituted by `rgb' on input line 1353.
Package xcolor Info: Model `RGB' extended on input line 1365.
Package xcolor Info: Model `HTML' substituted by `rgb' on input line 1367.
Package xcolor Info: Model `Hsb' substituted by `hsb' on input line 1368.
Package xcolor Info: Model `tHsb' substituted by `hsb' on input line 1369.
Package xcolor Info: Model `HSB' substituted by `hsb' on input line 1370.
Package xcolor Info: Model `Gray' substituted by `gray' on input line 1371.
Package xcolor Info: Model `wave' substituted by `hsb' on input line 1372.
))
(c:/texlive/2024/texmf-dist/tex/generic/pgf/basiclayer/pgfcore.code.tex
Package: pgfcore 2023-01-15 v3.1.10 (3.1.10)

(c:/texlive/2024/texmf-dist/tex/generic/pgf/math/pgfmath.code.tex
(c:/texlive/2024/texmf-dist/tex/generic/pgf/math/pgfmathutil.code.tex)
(c:/texlive/2024/texmf-dist/tex/generic/pgf/math/pgfmathparser.code.tex
\pgfmath@dimen=\dimen182
\pgfmath@count=\count395
\pgfmath@box=\box70
\pgfmath@toks=\toks47
\pgfmath@stack@operand=\toks48
\pgfmath@stack@operation=\toks49
)
(c:/texlive/2024/texmf-dist/tex/generic/pgf/math/pgfmathfunctions.code.tex)
(c:/texlive/2024/texmf-dist/tex/generic/pgf/math/pgfmathfunctions.basic.code.te
x)
(c:/texlive/2024/texmf-dist/tex/generic/pgf/math/pgfmathfunctions.trigonometric
.code.tex)
(c:/texlive/2024/texmf-dist/tex/generic/pgf/math/pgfmathfunctions.random.code.t
ex)
(c:/texlive/2024/texmf-dist/tex/generic/pgf/math/pgfmathfunctions.comparison.co
de.tex)
(c:/texlive/2024/texmf-dist/tex/generic/pgf/math/pgfmathfunctions.base.code.tex
)
(c:/texlive/2024/texmf-dist/tex/generic/pgf/math/pgfmathfunctions.round.code.te
x)
(c:/texlive/2024/texmf-dist/tex/generic/pgf/math/pgfmathfunctions.misc.code.tex
)
(c:/texlive/2024/texmf-dist/tex/generic/pgf/math/pgfmathfunctions.integerarithm
etics.code.tex)
(c:/texlive/2024/texmf-dist/tex/generic/pgf/math/pgfmathcalc.code.tex)
(c:/texlive/2024/texmf-dist/tex/generic/pgf/math/pgfmathfloat.code.tex
\c@pgfmathroundto@lastzeros=\count396
))
(c:/texlive/2024/texmf-dist/tex/generic/pgf/math/pgfint.code.tex)
(c:/texlive/2024/texmf-dist/tex/generic/pgf/basiclayer/pgfcorepoints.code.tex
File: pgfcorepoints.code.tex 2023-01-15 v3.1.10 (3.1.10)
\pgf@picminx=\dimen183
\pgf@picmaxx=\dimen184
\pgf@picminy=\dimen185
\pgf@picmaxy=\dimen186
\pgf@pathminx=\dimen187
\pgf@pathmaxx=\dimen188
\pgf@pathminy=\dimen189
\pgf@pathmaxy=\dimen190
\pgf@xx=\dimen191
\pgf@xy=\dimen192
\pgf@yx=\dimen193
\pgf@yy=\dimen194
\pgf@zx=\dimen195
\pgf@zy=\dimen196
)
(c:/texlive/2024/texmf-dist/tex/generic/pgf/basiclayer/pgfcorepathconstruct.cod
e.tex
File: pgfcorepathconstruct.code.tex 2023-01-15 v3.1.10 (3.1.10)
\pgf@path@lastx=\dimen197
\pgf@path@lasty=\dimen198
)
(c:/texlive/2024/texmf-dist/tex/generic/pgf/basiclayer/pgfcorepathusage.code.te
x
File: pgfcorepathusage.code.tex 2023-01-15 v3.1.10 (3.1.10)
\pgf@shorten@end@additional=\dimen199
\pgf@shorten@start@additional=\dimen256
)
(c:/texlive/2024/texmf-dist/tex/generic/pgf/basiclayer/pgfcorescopes.code.tex
File: pgfcorescopes.code.tex 2023-01-15 v3.1.10 (3.1.10)
\pgfpic=\box71
\pgf@hbox=\box72
\pgf@layerbox@main=\box73
\pgf@picture@serial@count=\count397
)
(c:/texlive/2024/texmf-dist/tex/generic/pgf/basiclayer/pgfcoregraphicstate.code
.tex
File: pgfcoregraphicstate.code.tex 2023-01-15 v3.1.10 (3.1.10)
\pgflinewidth=\dimen257
)
(c:/texlive/2024/texmf-dist/tex/generic/pgf/basiclayer/pgfcoretransformations.c
ode.tex
File: pgfcoretransformations.code.tex 2023-01-15 v3.1.10 (3.1.10)
\pgf@pt@x=\dimen258
\pgf@pt@y=\dimen259
\pgf@pt@temp=\dimen260
)
(c:/texlive/2024/texmf-dist/tex/generic/pgf/basiclayer/pgfcorequick.code.tex
File: pgfcorequick.code.tex 2023-01-15 v3.1.10 (3.1.10)
)
(c:/texlive/2024/texmf-dist/tex/generic/pgf/basiclayer/pgfcoreobjects.code.tex
File: pgfcoreobjects.code.tex 2023-01-15 v3.1.10 (3.1.10)
)
(c:/texlive/2024/texmf-dist/tex/generic/pgf/basiclayer/pgfcorepathprocessing.co
de.tex
File: pgfcorepathprocessing.code.tex 2023-01-15 v3.1.10 (3.1.10)
)
(c:/texlive/2024/texmf-dist/tex/generic/pgf/basiclayer/pgfcorearrows.code.tex
File: pgfcorearrows.code.tex 2023-01-15 v3.1.10 (3.1.10)
\pgfarrowsep=\dimen261
)
(c:/texlive/2024/texmf-dist/tex/generic/pgf/basiclayer/pgfcoreshade.code.tex
File: pgfcoreshade.code.tex 2023-01-15 v3.1.10 (3.1.10)
\pgf@max=\dimen262
\pgf@sys@shading@range@num=\count398
\pgf@shadingcount=\count399
)
(c:/texlive/2024/texmf-dist/tex/generic/pgf/basiclayer/pgfcoreimage.code.tex
File: pgfcoreimage.code.tex 2023-01-15 v3.1.10 (3.1.10)
)
(c:/texlive/2024/texmf-dist/tex/generic/pgf/basiclayer/pgfcoreexternal.code.tex
File: pgfcoreexternal.code.tex 2023-01-15 v3.1.10 (3.1.10)
\pgfexternal@startupbox=\box74
) (c:/texlive/2024/texmf-dist/tex/generic/pgf/basiclayer/pgfcorelayers.code.tex
File: pgfcorelayers.code.tex 2023-01-15 v3.1.10 (3.1.10)
)
(c:/texlive/2024/texmf-dist/tex/generic/pgf/basiclayer/pgfcoretransparency.code
.tex
File: pgfcoretransparency.code.tex 2023-01-15 v3.1.10 (3.1.10)
)
(c:/texlive/2024/texmf-dist/tex/generic/pgf/basiclayer/pgfcorepatterns.code.tex
File: pgfcorepatterns.code.tex 2023-01-15 v3.1.10 (3.1.10)
) (c:/texlive/2024/texmf-dist/tex/generic/pgf/basiclayer/pgfcorerdf.code.tex
File: pgfcorerdf.code.tex 2023-01-15 v3.1.10 (3.1.10)
))) (c:/texlive/2024/texmf-dist/tex/generic/pgf/modules/pgfmoduleshapes.code.te
x
File: pgfmoduleshapes.code.tex 2023-01-15 v3.1.10 (3.1.10)
\pgfnodeparttextbox=\box75
)
(c:/texlive/2024/texmf-dist/tex/generic/pgf/modules/pgfmoduleplot.code.tex
File: pgfmoduleplot.code.tex 2023-01-15 v3.1.10 (3.1.10)
)
(c:/texlive/2024/texmf-dist/tex/latex/pgf/compatibility/pgfcomp-version-0-65.st
y
Package: pgfcomp-version-0-65 2023-01-15 v3.1.10 (3.1.10)
\pgf@nodesepstart=\dimen263
\pgf@nodesepend=\dimen264
)
(c:/texlive/2024/texmf-dist/tex/latex/pgf/compatibility/pgfcomp-version-1-18.st
y
Package: pgfcomp-version-1-18 2023-01-15 v3.1.10 (3.1.10)
)) (c:/texlive/2024/texmf-dist/tex/latex/pgf/utilities/pgffor.sty
(c:/texlive/2024/texmf-dist/tex/latex/pgf/utilities/pgfkeys.sty
(c:/texlive/2024/texmf-dist/tex/generic/pgf/utilities/pgfkeys.code.tex))
(c:/texlive/2024/texmf-dist/tex/latex/pgf/math/pgfmath.sty
(c:/texlive/2024/texmf-dist/tex/generic/pgf/math/pgfmath.code.tex))
(c:/texlive/2024/texmf-dist/tex/generic/pgf/utilities/pgffor.code.tex
Package: pgffor 2023-01-15 v3.1.10 (3.1.10)
\pgffor@iter=\dimen265
\pgffor@skip=\dimen266
\pgffor@stack=\toks50
\pgffor@toks=\toks51
))
(c:/texlive/2024/texmf-dist/tex/generic/pgf/frontendlayer/tikz/tikz.code.tex
Package: tikz 2023-01-15 v3.1.10 (3.1.10)

(c:/texlive/2024/texmf-dist/tex/generic/pgf/libraries/pgflibraryplothandlers.co
de.tex
File: pgflibraryplothandlers.code.tex 2023-01-15 v3.1.10 (3.1.10)
\pgf@plot@mark@count=\count400
\pgfplotmarksize=\dimen267
)
\tikz@lastx=\dimen268
\tikz@lasty=\dimen269
\tikz@lastxsaved=\dimen270
\tikz@lastysaved=\dimen271
\tikz@lastmovetox=\dimen272
\tikz@lastmovetoy=\dimen273
\tikzleveldistance=\dimen274
\tikzsiblingdistance=\dimen275
\tikz@figbox=\box76
\tikz@figbox@bg=\box77
\tikz@tempbox=\box78
\tikz@tempbox@bg=\box79
\tikztreelevel=\count401
\tikznumberofchildren=\count402
\tikznumberofcurrentchild=\count403
\tikz@fig@count=\count404

(c:/texlive/2024/texmf-dist/tex/generic/pgf/modules/pgfmodulematrix.code.tex
File: pgfmodulematrix.code.tex 2023-01-15 v3.1.10 (3.1.10)
\pgfmatrixcurrentrow=\count405
\pgfmatrixcurrentcolumn=\count406
\pgf@matrix@numberofcolumns=\count407
)
\tikz@expandcount=\count408

(c:/texlive/2024/texmf-dist/tex/generic/pgf/frontendlayer/tikz/libraries/tikzli
brarytopaths.code.tex
File: tikzlibrarytopaths.code.tex 2023-01-15 v3.1.10 (3.1.10)
)))
(c:/texlive/2024/texmf-dist/tex/generic/pgf/frontendlayer/tikz/libraries/tikzli
brarybabel.code.tex
File: tikzlibrarybabel.code.tex 2023-01-15 v3.1.10 (3.1.10)
))
(c:/texlive/2024/texmf-dist/tex/generic/tikz-cd/tikzlibrarycd.code.tex
(c:/texlive/2024/texmf-dist/tex/generic/pgf/frontendlayer/tikz/libraries/tikzli
brarymatrix.code.tex
File: tikzlibrarymatrix.code.tex 2023-01-15 v3.1.10 (3.1.10)
)
(c:/texlive/2024/texmf-dist/tex/generic/pgf/frontendlayer/tikz/libraries/tikzli
braryquotes.code.tex
File: tikzlibraryquotes.code.tex 2023-01-15 v3.1.10 (3.1.10)
)
(c:/texlive/2024/texmf-dist/tex/generic/pgf/libraries/pgflibraryarrows.meta.cod
e.tex
File: pgflibraryarrows.meta.code.tex 2023-01-15 v3.1.10 (3.1.10)
\pgfarrowinset=\dimen276
\pgfarrowlength=\dimen277
\pgfarrowwidth=\dimen278
\pgfarrowlinewidth=\dimen279
)))
(c:/texlive/2024/texmf-dist/tex/generic/pgf/frontendlayer/tikz/libraries/tikzli
brarycalc.code.tex
File: tikzlibrarycalc.code.tex 2023-01-15 v3.1.10 (3.1.10)
)
(c:/texlive/2024/texmf-dist/tex/generic/pgf/frontendlayer/tikz/libraries/tikzli
brarydecorations.pathmorphing.code.tex
(c:/texlive/2024/texmf-dist/tex/generic/pgf/frontendlayer/tikz/libraries/tikzli
brarydecorations.code.tex
(c:/texlive/2024/texmf-dist/tex/generic/pgf/modules/pgfmoduledecorations.code.t
ex
\pgfdecoratedcompleteddistance=\dimen280
\pgfdecoratedremainingdistance=\dimen281
\pgfdecoratedinputsegmentcompleteddistance=\dimen282
\pgfdecoratedinputsegmentremainingdistance=\dimen283
\pgf@decorate@distancetomove=\dimen284
\pgf@decorate@repeatstate=\count409
\pgfdecorationsegmentamplitude=\dimen285
\pgfdecorationsegmentlength=\dimen286
)
\tikz@lib@dec@box=\box80
)
(c:/texlive/2024/texmf-dist/tex/generic/pgf/libraries/decorations/pgflibrarydec
orations.pathmorphing.code.tex)))
(c:/texlive/2024/texmf-dist/tex/latex/frankenstein/dialogue.sty
Package: dialogue 1999/03/01 v1.1 dialogue environment (Frankenstein's mouth)

(c:/texlive/2024/texmf-dist/tex/latex/frankenstein/blkcntrl.sty
Package: blkcntrl 2001/08/31 v1.2 block control

(c:/texlive/2024/texmf-dist/tex/latex/frankenstein/moredefs.sty
Package: moredefs 2001/08/31 v1.8 more defining commands (Frankenstein's brain)

\sc@toks@a=\toks52
\sc@toks@b=\toks53
)
(c:/texlive/2024/texmf-dist/tex/latex/lwarp/lwarp-relsize.sty
Package lwarp Info: Using package `relsize',
(lwarp)             and adding lwarp modifications, including options,
(lwarp)              on input line 20.
Package: lwarp-relsize 2013/03/29

(c:/texlive/2024/texmf-dist/tex/latex/relsize/relsize.sty
Package: relsize 2013/03/29 ver 4.1


Package relsize Warning: Failed to get list of defined font sizes.
(relsize)                Size scaling will attempt arbitrary sizes..

)
\c@LWR@relsizetemp=\count410
 Including 'warpMathJax' comment.
\openout3 = `comment_mathjax.cut'.

 Straight input of comment_mathjax.cut.
(./comment_mathjax.cut))))
(c:/texlive/2024/texmf-dist/tex/generic/pgf/frontendlayer/tikz/libraries/tikzli
brarytrees.code.tex
File: tikzlibrarytrees.code.tex 2023-01-15 v3.1.10 (3.1.10)
)
(c:/texlive/2024/texmf-dist/tex/latex/tikz-qtree/tikz-qtree.sty
(c:/texlive/2024/texmf-dist/tex/latex/tikz-qtree/pgftree.sty
(c:/texlive/2024/texmf-dist/tex/latex/tikz-qtree/pgfsubpic.sty
(c:/texlive/2024/texmf-dist/tex/latex/tikz-qtree/pgfsubpic.tex
\pgf@subpicminx=\dimen287
\pgf@subpicminy=\dimen288
\pgf@subpicmaxx=\dimen289
\pgf@subpicmaxy=\dimen290
))
(c:/texlive/2024/texmf-dist/tex/latex/tikz-qtree/pgftree.tex
\levelsep=\dimen291
\subtreesep=\dimen292
\smuggle@levelsep=\dimen293
\smuggle@subtreesep=\dimen294
\this@levelsep=\dimen295
\this@subtreesep=\dimen296
\pgftree@childx=\dimen297
\pgftree@savechildx=\dimen298
\pgftree@childy=\dimen299
\pgftree@savechildy=\dimen300
\pgftree@childi=\count411
\pgftree@savechildi=\count412
\pgftree@level=\count413
\pgftree@depth=\dimen301
\pgf@subpic@hbox@children=\box81
\pgf@subpic@minx@children=\dimen302
\pgf@subpic@miny@children=\dimen303
\pgf@subpic@maxx@children=\dimen304
\pgf@subpic@maxy@children=\dimen305
\pgftree@lastchildx=\dimen306
\pgftree@lastchildy=\dimen307
))
(c:/texlive/2024/texmf-dist/tex/latex/tikz-qtree/tikz-qtree.tex
\@result=\toks54
\child@list=\toks55
\root@node=\toks56
))
(c:/texlive/2024/texmf-dist/tex/generic/pgf/frontendlayer/tikz/libraries/tikzli
braryshapes.code.tex
File: tikzlibraryshapes.code.tex 2023-01-15 v3.1.10 (3.1.10)

(c:/texlive/2024/texmf-dist/tex/generic/pgf/frontendlayer/tikz/libraries/tikzli
braryshapes.geometric.code.tex
File: tikzlibraryshapes.geometric.code.tex 2023-01-15 v3.1.10 (3.1.10)

(c:/texlive/2024/texmf-dist/tex/generic/pgf/libraries/shapes/pgflibraryshapes.g
eometric.code.tex
File: pgflibraryshapes.geometric.code.tex 2023-01-15 v3.1.10 (3.1.10)
))
(c:/texlive/2024/texmf-dist/tex/generic/pgf/frontendlayer/tikz/libraries/tikzli
braryshapes.misc.code.tex
File: tikzlibraryshapes.misc.code.tex 2023-01-15 v3.1.10 (3.1.10)

(c:/texlive/2024/texmf-dist/tex/generic/pgf/libraries/shapes/pgflibraryshapes.m
isc.code.tex
File: pgflibraryshapes.misc.code.tex 2023-01-15 v3.1.10 (3.1.10)
))
(c:/texlive/2024/texmf-dist/tex/generic/pgf/frontendlayer/tikz/libraries/tikzli
braryshapes.symbols.code.tex
File: tikzlibraryshapes.symbols.code.tex 2023-01-15 v3.1.10 (3.1.10)

(c:/texlive/2024/texmf-dist/tex/generic/pgf/libraries/shapes/pgflibraryshapes.s
ymbols.code.tex
File: pgflibraryshapes.symbols.code.tex 2023-01-15 v3.1.10 (3.1.10)
))
(c:/texlive/2024/texmf-dist/tex/generic/pgf/frontendlayer/tikz/libraries/tikzli
braryshapes.arrows.code.tex
File: tikzlibraryshapes.arrows.code.tex 2023-01-15 v3.1.10 (3.1.10)

(c:/texlive/2024/texmf-dist/tex/generic/pgf/libraries/shapes/pgflibraryshapes.a
rrows.code.tex
File: pgflibraryshapes.arrows.code.tex 2023-01-15 v3.1.10 (3.1.10)
))
(c:/texlive/2024/texmf-dist/tex/generic/pgf/frontendlayer/tikz/libraries/tikzli
braryshapes.callouts.code.tex
(c:/texlive/2024/texmf-dist/tex/generic/pgf/libraries/shapes/pgflibraryshapes.c
allouts.code.tex))
(c:/texlive/2024/texmf-dist/tex/generic/pgf/frontendlayer/tikz/libraries/tikzli
braryshapes.multipart.code.tex
File: tikzlibraryshapes.multipart.code.tex 2023-01-15 v3.1.10 (3.1.10)

(c:/texlive/2024/texmf-dist/tex/generic/pgf/libraries/shapes/pgflibraryshapes.m
ultipart.code.tex
File: pgflibraryshapes.multipart.code.tex 2023-01-15 v3.1.10 (3.1.10)
\pgfnodepartlowerbox=\box82
\pgfnodeparttwobox=\box83
\pgfnodepartthreebox=\box84
\pgfnodepartfourbox=\box85
\pgfnodeparttwentybox=\box86
\pgfnodepartnineteenbox=\box87
\pgfnodeparteighteenbox=\box88
\pgfnodepartseventeenbox=\box89
\pgfnodepartsixteenbox=\box90
\pgfnodepartfifteenbox=\box91
\pgfnodepartfourteenbox=\box92
\pgfnodepartthirteenbox=\box93
\pgfnodeparttwelvebox=\box94
\pgfnodepartelevenbox=\box95
\pgfnodeparttenbox=\box96
\pgfnodepartninebox=\box97
\pgfnodeparteightbox=\box98
\pgfnodepartsevenbox=\box99
\pgfnodepartsixbox=\box100
\pgfnodepartfivebox=\box101
)))
(c:/texlive/2024/texmf-dist/tex/generic/pgf/frontendlayer/tikz/libraries/tikzli
braryarrows.code.tex
File: tikzlibraryarrows.code.tex 2023-01-15 v3.1.10 (3.1.10)

(c:/texlive/2024/texmf-dist/tex/generic/pgf/libraries/pgflibraryarrows.code.tex
File: pgflibraryarrows.code.tex 2023-01-15 v3.1.10 (3.1.10)
\arrowsize=\dimen308
)) (c:/texlive/2024/texmf-dist/tex/latex/lwarp/lwarp-marginnote.sty
Package lwarp Info: Replacing package `marginnote' with the lwarp version,
(lwarp)             and discarding options, on input line 19.
Package: lwarp-marginnote 2018/08/09

Including 'warpMathJax' comment.
\openout3 = `comment_mathjax.cut'.

 Straight input of comment_mathjax.cut.
(./comment_mathjax.cut))
\LWR@userspaperwidth=\skip96
\LWR@userspaperheight=\skip97
\LWR@usersmarginparwidth=\skip98
\LWR@userstextwidth=\skip99
\LWR@userstextheight=\skip100
 (./Logic_html.aux)
\openout1 = `Logic_html.aux'.

LaTeX Font Info:    Checking defaults for OML/cmm/m/it on input line 167.
LaTeX Font Info:    ... okay on input line 167.
LaTeX Font Info:    Checking defaults for OMS/cmsy/m/n on input line 167.
LaTeX Font Info:    ... okay on input line 167.
LaTeX Font Info:    Checking defaults for OT1/cmr/m/n on input line 167.
LaTeX Font Info:    ... okay on input line 167.
LaTeX Font Info:    Checking defaults for T1/cmr/m/n on input line 167.
LaTeX Font Info:    ... okay on input line 167.
LaTeX Font Info:    Checking defaults for TS1/cmr/m/n on input line 167.
LaTeX Font Info:    ... okay on input line 167.
LaTeX Font Info:    Checking defaults for OMX/cmex/m/n on input line 167.
LaTeX Font Info:    ... okay on input line 167.
LaTeX Font Info:    Checking defaults for U/cmr/m/n on input line 167.
LaTeX Font Info:    ... okay on input line 167.
LaTeX Info: Redefining \microtypecontext on input line 167.
Package microtype Info: Applying patch `item' on input line 167.
Package microtype Info: Applying patch `toc' on input line 167.
Package microtype Info: Applying patch `eqnum' on input line 167.


Package microtype Warning: Unable to apply patch `footnote' on input line 167.

Package microtype Info: Applying patch `verbatim' on input line 167.
LaTeX Info: Redefining \microtypesetup on input line 167.
Package microtype Info: Generating PDF output.
Package microtype Info: No character protrusion.
Package microtype Info: No font expansion.
Package microtype Info: No adjustment of tracking.
Package microtype Info: No adjustment of interword spacing.
Package microtype Info: No adjustment of character kerning.
*geometry* driver: auto-detecting
*geometry* detected driver: pdftex
*geometry* verbose mode - [ preamble ] result:
* driver: pdftex
* paper: custom
* layout: <same size as paper>
* layoutoffset:(h,v)=(0.0pt,0.0pt)
* modes: heightrounded 
* h-part:(L,W,R)=(144.54pt, 867.24pt, 433.62pt)
* v-part:(T,H,B)=(72.26999pt, 13586.76001pt, 72.26999pt)
* \paperwidth=1445.4pt
* \paperheight=13731.29999pt
* \textwidth=1011.77557pt
* \textheight=10985.0819pt
* \oddsidemargin=72.27pt
* \evensidemargin=72.27pt
* \topmargin=-37.0pt
* \headheight=12.0pt
* \headsep=25.0pt
* \topskip=11.0pt
* \footskip=30.0pt
* \marginparwidth=59.0pt
* \marginparsep=10.0pt
* \columnsep=10.0pt
* \skip\footins=10.0pt plus 4.0pt minus 2.0pt
* \hoffset=0.0pt
* \voffset=0.0pt
* \mag=1000
* \@twocolumnfalse
* \@twosidefalse
* \@mparswitchfalse
* \@reversemarginfalse
* (1in=72.27pt=25.4mm, 1cm=28.453pt)

(c:/texlive/2024/texmf-dist/tex/latex/lwarp/lwarp-geometry.sty
Package lwarp Info: Replacing package `geometry' with the lwarp version,
(lwarp)             and discarding options, on input line 21.
Package: lwarp-geometry 2018/04/16
)
\LWR@colorminipagebox=\box102

(c:/texlive/2024/texmf-dist/tex/context/base/mkii/supp-pdf.mkii
[Loading MPS to PDF converter (version 2006.09.02).]
\scratchcounter=\count414
\scratchdimen=\dimen309
\scratchbox=\box103
\nofMPsegments=\count415
\nofMParguments=\count416
\everyMPshowfont=\toks57
\MPscratchCnt=\count417
\MPscratchDim=\dimen310
\MPnumerator=\count418
\makeMPintoPDFobject=\count419
\everyMPtoPDFconversion=\toks58
) (c:/texlive/2024/texmf-dist/tex/latex/lwarp/lwarp-epstopdf-base.sty
Package lwarp Info: Using package `epstopdf-base',
(lwarp)             and adding lwarp modifications, including options,
(lwarp)              on input line 19.
Package: lwarp-epstopdf-base 2020-01-24

(c:/texlive/2024/texmf-dist/tex/latex/epstopdf-pkg/epstopdf-base.sty
Package: epstopdf-base 2020-01-24 v2.11 Base part for package epstopdf
Package epstopdf-base Info: Redefining graphics rule for `.eps' on input line 4
85.

(c:/texlive/2024/texmf-dist/tex/latex/latexconfig/epstopdf-sys.cfg
File: epstopdf-sys.cfg 2010/07/13 v1.3 Configuration of (r)epstopdf for TeX Liv
e
)))
Package lwarp Info: Removing background hook on input line 167.
\openout5 = `Logic-images.txt'.

File: "lwarp_mathjax.txt"  (verbatim)

---
Package lwarp:
Processing MathJax customizations for the first HTML page.
Later HTML pages will take the same amount of time.
If this takes too long, see the Lwarp manual regarding customizing MathJax.
Done.
---


[1

{c:/texlive/2024/texmf-var/fonts/map/pdftex/updmap/pdftex.map}{c:/texlive/2024/
texmf-dist/fonts/enc/dvips/cm-super/cm-super-t1.enc}{c:/texlive/2024/texmf-dist
/fonts/enc/dvips/cm-super/cm-super-ts1.enc}]
\openout6 = `Logic_html.sidetoc'.



[2] (./Logic_html.toc)
\tf@toc=\write9
\openout9 = `Logic_html.toc'.



[3]
File: "lwarp_mathjax.txt"  (verbatim)


[4] (./Logic_html.sidetoc)

[5]

[6]

[7]

[8]

[9]

[10]

[11]

[12] (c:/texlive/2024/texmf-dist/tex/latex/microtype/mt-cmr.cfg
File: mt-cmr.cfg 2013/05/19 v2.2 microtype config. file: Computer Modern Roman 
(RS)
)

[13]

[14]
File: "lwarp_mathjax.txt"  (verbatim)


[15] (./Logic_html.sidetoc)

[16]

[17]

[18]

[19]

[20]

[21]
LaTeX Font Info:    Trying to load font information for U+msa on input line 405
.
 (c:/texlive/2024/texmf-dist/tex/latex/amsfonts/umsa.fd
File: umsa.fd 2013/01/14 v3.01 AMS symbols A
)
(c:/texlive/2024/texmf-dist/tex/latex/microtype/mt-msa.cfg
File: mt-msa.cfg 2006/02/04 v1.1 microtype config. file: AMS symbols (a) (RS)
)
LaTeX Font Info:    Trying to load font information for U+msb on input line 405
.

(c:/texlive/2024/texmf-dist/tex/latex/amsfonts/umsb.fd
File: umsb.fd 2013/01/14 v3.01 AMS symbols B
)
(c:/texlive/2024/texmf-dist/tex/latex/microtype/mt-msb.cfg
File: mt-msb.cfg 2005/06/01 v1.0 microtype config. file: AMS symbols (b) (RS)
)

[22]

[23]

[24]

[25] Excluding 'warpprint' comment. Including 'warpHTML' comment.
\openout3 = `comment_html.cut'.


Straight input of comment_html.cut. (./comment_html.cut

[26]

[27]
\MTr@childibox=\box104
\MTr@childix=\count420
\MTr@childiy=\count421
\MTr@childiv=\count422
\MTr@childiw=\count423
\MTr@childiheight=\count424
\MTr@childidepth=\count425
\MTr@childibranchmult=\count426
\MTr@childipicheight=\count427
\MTr@childitriangle=\count428
\MTr@childiibox=\box105
\MTr@childiix=\count429
\MTr@childiiy=\count430
\MTr@childiiv=\count431
\MTr@childiiw=\count432
\MTr@childiiheight=\count433
\MTr@childiidepth=\count434
\MTr@childiibranchmult=\count435
\MTr@childiipicheight=\count436
\MTr@childiitriangle=\count437


[28]) Excluding 'warpprint' comment. Including 'warpHTML' comment.
\openout3 = `comment_html.cut'.


Straight input of comment_html.cut. (./comment_html.cut

[29]

[30]

[31])

[32] Excluding 'warpprint' comment. Including 'warpHTML' comment.
\openout3 = `comment_html.cut'.


Straight input of comment_html.cut. (./comment_html.cut

[33]

[34]

[35]) Excluding 'warpprint' comment. Including 'warpHTML' comment.
\openout3 = `comment_html.cut'.


Straight input of comment_html.cut. (./comment_html.cut

[36]

[37]

[38]) Excluding 'warpprint' comment. Including 'warpHTML' comment.
\openout3 = `comment_html.cut'.


Straight input of comment_html.cut. (./comment_html.cut

[39]

[40]

[41]) Excluding 'warpprint' comment. Including 'warpHTML' comment.
\openout3 = `comment_html.cut'.


Straight input of comment_html.cut. (./comment_html.cut

[42]

[43]

[44])

[45] Excluding 'warpprint' comment. Including 'warpHTML' comment.
\openout3 = `comment_html.cut'.


Straight input of comment_html.cut. (./comment_html.cut

[46])

[47]

[48]

[49]

[50]

[51]

[52]

[53]

[54]

[55]

[56]

[57]

[58]

[59] Excluding 'warpprint' comment. Including 'warpHTML' comment.
\openout3 = `comment_html.cut'.


Straight input of comment_html.cut. (./comment_html.cut

[60]

[61]

[62]) Excluding 'warpprint' comment. Including 'warpHTML' comment.
\openout3 = `comment_html.cut'.


Straight input of comment_html.cut. (./comment_html.cut

[63]

[64]

[65]

[66]

[67]) Excluding 'warpprint' comment. Including 'warpHTML' comment.
\openout3 = `comment_html.cut'.


Straight input of comment_html.cut. (./comment_html.cut

[68]

[69]

[70]) Excluding 'warpprint' comment. Including 'warpHTML' comment.
\openout3 = `comment_html.cut'.


Straight input of comment_html.cut. (./comment_html.cut

[71]

[72]

[73]) Excluding 'warpprint' comment. Including 'warpHTML' comment.
\openout3 = `comment_html.cut'.


Straight input of comment_html.cut. (./comment_html.cut

[74]

[75]
Missing character: There is no ( in font nullfont!
Missing character: There is no 1 in font nullfont!
Missing character: There is no ) in font nullfont!
Missing character: There is no ( in font nullfont!
Missing character: There is no 1 in font nullfont!
Missing character: There is no ) in font nullfont!
Missing character: There is no ( in font nullfont!
Missing character: There is no 2 in font nullfont!
Missing character: There is no ) in font nullfont!
Missing character: There is no ( in font nullfont!
Missing character: There is no 2 in font nullfont!
Missing character: There is no ) in font nullfont!
Missing character: There is no ( in font nullfont!
Missing character: There is no 3 in font nullfont!
Missing character: There is no ) in font nullfont!
Missing character: There is no ( in font nullfont!
Missing character: There is no 3 in font nullfont!
Missing character: There is no ) in font nullfont!
Missing character: There is no ( in font nullfont!
Missing character: There is no 4 in font nullfont!
Missing character: There is no ) in font nullfont!
Missing character: There is no ( in font nullfont!
Missing character: There is no 4 in font nullfont!
Missing character: There is no ) in font nullfont!
Missing character: There is no ( in font nullfont!
Missing character: There is no 5 in font nullfont!
Missing character: There is no ) in font nullfont!
Missing character: There is no ( in font nullfont!
Missing character: There is no 5 in font nullfont!
Missing character: There is no ) in font nullfont!
Missing character: There is no ( in font nullfont!
Missing character: There is no 6 in font nullfont!
Missing character: There is no ) in font nullfont!
Missing character: There is no ( in font nullfont!
Missing character: There is no 6 in font nullfont!
Missing character: There is no ) in font nullfont!
Missing character: There is no ( in font nullfont!
Missing character: There is no 7 in font nullfont!
Missing character: There is no ) in font nullfont!
Missing character: There is no ( in font nullfont!
Missing character: There is no 7 in font nullfont!
Missing character: There is no ) in font nullfont!
Missing character: There is no ( in font nullfont!
Missing character: There is no 8 in font nullfont!
Missing character: There is no ) in font nullfont!
Missing character: There is no ( in font nullfont!
Missing character: There is no 8 in font nullfont!
Missing character: There is no ) in font nullfont!


[76]) Excluding 'warpprint' comment. Including 'warpHTML' comment.
\openout3 = `comment_html.cut'.


Straight input of comment_html.cut. (./comment_html.cut

[77]

[78]

[79]) Excluding 'warpprint' comment. Including 'warpHTML' comment.
\openout3 = `comment_html.cut'.


Straight input of comment_html.cut. (./comment_html.cut

[80]

[81]

[82]) Excluding 'warpprint' comment. Including 'warpHTML' comment.
\openout3 = `comment_html.cut'.


Straight input of comment_html.cut. (./comment_html.cut

[83]

[84]

[85]) Excluding 'warpprint' comment. Including 'warpHTML' comment.
\openout3 = `comment_html.cut'.


Straight input of comment_html.cut. (./comment_html.cut

[86]

[87]

[88]) Excluding 'warpprint' comment. Including 'warpHTML' comment.
\openout3 = `comment_html.cut'.


Straight input of comment_html.cut. (./comment_html.cut

[89]

[90]

[91])

[92]

[93]
File: "lwarp_mathjax.txt"  (verbatim)


[94] (./Logic_html.sidetoc)

[95]

LaTeX Font Warning: Font shape `T1/cmss/m/sc' in size <9> not available
(Font)              Font shape `T1/cmr/m/sc' tried instead on input line 1163.



[96]

[97]

[98]

[99]

[100]

[101]

[102]

[103]

[104]

[105]

[106]

[107]

[108]

[109]

[110]

[111]

[112]

[113]

[114]

[115]

[116]

[117]

[118]

[119]

[120]

[121]

[122]

[123]

[124]

[125]

[126]

[127]

[128]

[129]

[130]

[131]

[132]

[133]

[134]

[135]

[136]

[137]

[138]

[139]

[140]

[141]

[142]

[143]

[144]
File: "lwarp_mathjax.txt"  (verbatim)


[145] (./Logic_html.sidetoc)

[146]

[147]
LaTeX Font Info:    Font shape `T1/cmtt/bx/it' in size <9> not available
(Font)              Font shape `T1/cmtt/m/it' tried instead on input line 1633.



[148]

[149]

[150]

[151]

[152]

[153]

[154]

[155]
File: "lwarp_mathjax.txt"  (verbatim)


[156] (./Logic_html.sidetoc)

[157]

[158]

[159]

[160]

[161]

[162]

[163]

[164]
LaTeX Font Info:    Font shape `T1/cmtt/bx/n' in size <9> not available
(Font)              Font shape `T1/cmtt/m/n' tried instead on input line 1845.


[165]

[166]
File: "lwarp_mathjax.txt"  (verbatim)


[167] (./Logic_html.sidetoc)

[168]

[169]

[170]

[171]

[172]
File: "lwarp_mathjax.txt"  (verbatim)


[173] (./Logic_html.sidetoc)

[174]

[175]

[176]

[177]

[178]

[179] Excluding 'warpprint' comment. Including 'warpHTML' comment.
\openout3 = `comment_html.cut'.


Straight input of comment_html.cut. (./comment_html.cut

[180]

[181]
\MTr@childiiibox=\box106
\MTr@childiiix=\count438
\MTr@childiiiy=\count439
\MTr@childiiiv=\count440
\MTr@childiiiw=\count441
\MTr@childiiiheight=\count442
\MTr@childiiidepth=\count443
\MTr@childiiibranchmult=\count444
\MTr@childiiipicheight=\count445
\MTr@childiiitriangle=\count446


[182]) Excluding 'warpprint' comment. Including 'warpHTML' comment.
\openout3 = `comment_html.cut'.


Straight input of comment_html.cut. (./comment_html.cut

[183]

[184]

[185])

[186]

[187]

[188]

[189]

[190]

[191]

[192]

[193]

[194]

[195]

[196]

[197]
File: "lwarp_mathjax.txt"  (verbatim)


[198] (./Logic_html.sidetoc)

[199]

[200]

[201]

[202]

[203]

[204]

[205]

[206]

[207]

[208]

[209]

[210]

[211]

[212]

[213]

[214]

[215]

[216]

[217]

[218]

[219]

[220]

[221]

[222]

[223]

[224]

[225]

[226]

[227]

[228]

[229]

[230]

[231]

[232]

[233]

[234]

[235]

[236]

[237]

[238]

[239]

[240]

[241]

[242]

[243]

Package lwarp Warning: The section name:
(lwarp)                ``Proofs'',
(lwarp)                at the line number listed below,
(lwarp)                generates the filename
(lwarp)                ``Proofs'',
(lwarp)                which appears to be a duplicate. There is a
(lwarp)                previous section with an identical or similar name.
(lwarp)                A unique file number has been appended to the file name
(lwarp)                of this and any further similar files.
(lwarp)                This number may change as sections are added/removed,
(lwarp)                and obsolete HTML files may result.
(lwarp)                To remove these files, use lwarpmk cleanall.
(lwarp)                (While generating file names, Lwarp sanitizes math,
(lwarp)                most symbols, and a few common short words,
(lwarp)                and this may cause a conflict.)
(lwarp)                To avoid duplicate filenames, use the optional
(lwarp)                short Table of Contents entry:
(lwarp)                  \section[Unique name, no math]{Name with math}
(lwarp)                or use \texorpdfstring, from the hyperref package:
(lwarp)                  \section{
(lwarp)                    \texorpdfstring
(lwarp)                      {Name with math}{Unique name, no math}
(lwarp)                  }  on input line 2674.

File: "lwarp_mathjax.txt"  (verbatim)


[244] (./Logic_html.sidetoc)

[245]

[246]

[247]

[248]

[249]

[250]

[251]

[252]

[253]

[254]

[255]

[256]

Package lwarp Warning: The section name:
(lwarp)                ``Completeness'',
(lwarp)                at the line number listed below,
(lwarp)                generates the filename
(lwarp)                ``Completeness'',
(lwarp)                which appears to be a duplicate. There is a
(lwarp)                previous section with an identical or similar name.
(lwarp)                A unique file number has been appended to the file name
(lwarp)                of this and any further similar files.
(lwarp)                This number may change as sections are added/removed,
(lwarp)                and obsolete HTML files may result.
(lwarp)                To remove these files, use lwarpmk cleanall.
(lwarp)                (While generating file names, Lwarp sanitizes math,
(lwarp)                most symbols, and a few common short words,
(lwarp)                and this may cause a conflict.)
(lwarp)                To avoid duplicate filenames, use the optional
(lwarp)                short Table of Contents entry:
(lwarp)                  \section[Unique name, no math]{Name with math}
(lwarp)                or use \texorpdfstring, from the hyperref package:
(lwarp)                  \section{
(lwarp)                    \texorpdfstring
(lwarp)                      {Name with math}{Unique name, no math}
(lwarp)                  }  on input line 2830.

File: "lwarp_mathjax.txt"  (verbatim)


[257] (./Logic_html.sidetoc)

[258]

[259]

[260]

[261]

[262]

[263]

[264]

[265]

[266]

[267]

[268]

[269]

[270]
File: "lwarp_mathjax.txt"  (verbatim)


[271] (./Logic_html.sidetoc)

[272]

[273]

[274]

[275]

[276]

[277]

[278]

[279]

[280]

[281]

[282]

[283]

[284]

[285]

[286]

[287]

[288]

[289]

[290]

[291]

[292]

[293]

[294]

[295]

[296]

[297]

[298]

[299]

[300]

[301]

[302]

[303]

[304]

[305]

[306]

[307]

[308]
File: "lwarp_mathjax.txt"  (verbatim)


[309] (./Logic_html.sidetoc)

[310]

[311]

[312]

[313]

[314]

[315]

[316]

[317]

[318]

[319]

[320]

[321]

[322]

[323]

[324]

[325]

[326]

[327]

[328]

[329]

[330]

[331]

[332]

[333]

[334]
File: "lwarp_mathjax.txt"  (verbatim)


[335] (./Logic_html.sidetoc)

[336]

[337]

[338]

[339]

[340]

[341]

[342]

[343]

[344]
File: "lwarp_mathjax.txt"  (verbatim)


[345] (./Logic_html.sidetoc)

[346]

[347]

[348]

[349]

[350]

[351]

[352]
File: "lwarp_mathjax.txt"  (verbatim)


[353] (./Logic_html.sidetoc)

[354]

[355]

[356]

[357]

[358]

[359]

[360]

[361]

[362]
File: "lwarp_mathjax.txt"  (verbatim)


[363] (./Logic_html.sidetoc)

[364]

[365]

[366]
File: "lwarp_mathjax.txt"  (verbatim)


[367] (./Logic_html.sidetoc)

[368]

[369]
File: "lwarp_mathjax.txt"  (verbatim)


[370] (./Logic_html.sidetoc)

[371]

[372]

[373]

[374]

[375]

[376] (./Logic_html.aux)
 ***********
LaTeX2e <2024-11-01> patch level 1
L3 programming layer <2020/03/25>
 ***********
 ) ) 
Here is how much of TeX's memory you used:
 32730 strings out of 473207
 693894 string characters out of 5720461
 1437749 words of memory out of 5000000
 54871 multiletter control sequences out of 15000+600000
 580156 words of font info for 95 fonts, out of 8000000 for 9000
 1141 hyphenation exceptions out of 8191
 182i,11n,194p,1240b,1183s stack positions out of 10000i,1000n,20000p,200000b,200000s
<c:/texlive/2024/texmf-dist/fonts/type1/public/amsfonts/cm/cmbsy10.pfb><c:/
texlive/2024/texmf-dist/fonts/type1/public/amsfonts/cm/cmmi10.pfb><c:/texlive/2
024/texmf-dist/fonts/type1/public/amsfonts/cm/cmmi9.pfb><c:/texlive/2024/texmf-
dist/fonts/type1/public/amsfonts/cm/cmr10.pfb><c:/texlive/2024/texmf-dist/fonts
/type1/public/amsfonts/cm/cmr6.pfb><c:/texlive/2024/texmf-dist/fonts/type1/publ
ic/amsfonts/cm/cmr8.pfb><c:/texlive/2024/texmf-dist/fonts/type1/public/amsfonts
/cm/cmr9.pfb><c:/texlive/2024/texmf-dist/fonts/type1/public/amsfonts/cm/cmsy10.
pfb><c:/texlive/2024/texmf-dist/fonts/type1/public/amsfonts/cm/cmsy9.pfb><c:/te
xlive/2024/texmf-dist/fonts/type1/public/amsfonts/symbols/msam10.pfb><c:/texliv
e/2024/texmf-dist/fonts/type1/public/cm-super/sfbi0900.pfb><c:/texlive/2024/tex
mf-dist/fonts/type1/public/cm-super/sfbx0900.pfb><c:/texlive/2024/texmf-dist/fo
nts/type1/public/cm-super/sfcc0900.pfb><c:/texlive/2024/texmf-dist/fonts/type1/
public/cm-super/sfit0900.pfb><c:/texlive/2024/texmf-dist/fonts/type1/public/cm-
super/sfrm0900.pfb><c:/texlive/2024/texmf-dist/fonts/type1/public/cm-super/sfsi
0900.pfb><c:/texlive/2024/texmf-dist/fonts/type1/public/cm-super/sfss0900.pfb><
c:/texlive/2024/texmf-dist/fonts/type1/public/cm-super/sfsx0900.pfb><c:/texlive
/2024/texmf-dist/fonts/type1/public/cm-super/sfti0900.pfb><c:/texlive/2024/texm
f-dist/fonts/type1/public/cm-super/sftt0800.pfb><c:/texlive/2024/texmf-dist/fon
ts/type1/public/cm-super/sftt0900.pfb>
Output written on Logic_html.pdf (376 pages, 970379 bytes).
PDF statistics:
 1334 PDF objects out of 1440 (max. 8388607)
 902 compressed objects within 10 object streams
 0 named destinations out of 1000 (max. 500000)
 13 words of extra memory for PDF output out of 10000 (max. 10000000)

